{"/home/travis/build/npmtest/node-npmtest-share/test.js":{"path":"/home/travis/build/npmtest/node-npmtest-share/test.js","s":{"1":2,"2":2,"3":2,"4":2,"5":2,"6":2,"7":2,"8":1,"9":2,"10":2,"11":1,"12":1,"13":1,"14":1,"15":2,"16":2,"17":2,"18":2,"19":1,"20":1,"21":2,"22":2,"23":2,"24":1,"25":1,"26":1,"27":1,"28":1,"29":1,"30":1,"31":1,"32":1,"33":1,"34":1,"35":1,"36":1,"37":1,"38":1,"39":2,"40":2,"41":1,"42":2,"43":2,"44":1,"45":2,"46":2,"47":1,"48":2,"49":2,"50":1,"51":1,"52":1,"53":1,"54":1},"b":{"1":[2,1,1,1],"2":[1,1,1,1],"3":[1,1],"4":[1,1],"5":[1,1],"6":[1,1],"7":[1,1],"8":[1,1],"9":[1,1],"10":[1,1,1],"11":[1,1],"12":[1,1],"13":[1,1],"14":[1,1],"15":[1,1],"16":[1,1],"17":[1,1]},"f":{"1":2,"2":2,"3":2,"4":2,"5":2,"6":1,"7":1,"8":1,"9":2,"10":2,"11":2,"12":2,"13":1},"fnMap":{"1":{"name":"(anonymous_1)","line":12,"loc":{"start":{"line":12,"column":1},"end":{"line":12,"column":13}}},"2":{"name":"(anonymous_2)","line":19,"loc":{"start":{"line":19,"column":5},"end":{"line":19,"column":17}}},"3":{"name":"(anonymous_3)","line":23,"loc":{"start":{"line":23,"column":24},"end":{"line":23,"column":36}}},"4":{"name":"(anonymous_4)","line":61,"loc":{"start":{"line":61,"column":5},"end":{"line":61,"column":17}}},"5":{"name":"(anonymous_5)","line":82,"loc":{"start":{"line":82,"column":5},"end":{"line":82,"column":17}}},"6":{"name":"(anonymous_6)","line":91,"loc":{"start":{"line":91,"column":77},"end":{"line":94,"column":10}}},"7":{"name":"(anonymous_7)","line":112,"loc":{"start":{"line":112,"column":83},"end":{"line":115,"column":10}},"skip":true},"8":{"name":"(anonymous_8)","line":123,"loc":{"start":{"line":123,"column":77},"end":{"line":126,"column":10}},"skip":true},"9":{"name":"(anonymous_9)","line":139,"loc":{"start":{"line":139,"column":12},"end":{"line":139,"column":40}},"skip":true},"10":{"name":"(anonymous_10)","line":147,"loc":{"start":{"line":147,"column":77},"end":{"line":150,"column":10}},"skip":true},"11":{"name":"(anonymous_11)","line":158,"loc":{"start":{"line":158,"column":83},"end":{"line":161,"column":10}},"skip":true},"12":{"name":"(anonymous_12)","line":169,"loc":{"start":{"line":169,"column":79},"end":{"line":172,"column":10}},"skip":true},"13":{"name":"(anonymous_13)","line":180,"loc":{"start":{"line":180,"column":75},"end":{"line":183,"column":10}},"skip":true}},"statementMap":{"1":{"start":{"line":12,"column":0},"end":{"line":195,"column":5}},"2":{"start":{"line":14,"column":4},"end":{"line":14,"column":14}},"3":{"start":{"line":19,"column":4},"end":{"line":56,"column":9}},"4":{"start":{"line":21,"column":8},"end":{"line":21,"column":19}},"5":{"start":{"line":23,"column":8},"end":{"line":35,"column":13}},"6":{"start":{"line":24,"column":12},"end":{"line":34,"column":13}},"7":{"start":{"line":25,"column":16},"end":{"line":28,"column":30}},"8":{"start":{"line":30,"column":16},"end":{"line":33,"column":27}},"9":{"start":{"line":37,"column":8},"end":{"line":39,"column":21}},"10":{"start":{"line":40,"column":8},"end":{"line":53,"column":9}},"11":{"start":{"line":43,"column":12},"end":{"line":46,"column":14}},"12":{"start":{"line":47,"column":12},"end":{"line":47,"column":18}},"13":{"start":{"line":50,"column":12},"end":{"line":51,"column":33}},"14":{"start":{"line":52,"column":12},"end":{"line":52,"column":18}},"15":{"start":{"line":55,"column":8},"end":{"line":55,"column":35}},"16":{"start":{"line":61,"column":4},"end":{"line":63,"column":9}},"17":{"start":{"line":62,"column":8},"end":{"line":62,"column":15}},"18":{"start":{"line":64,"column":4},"end":{"line":77,"column":5}},"19":{"start":{"line":70,"column":8},"end":{"line":70,"column":14}},"20":{"start":{"line":76,"column":8},"end":{"line":76,"column":14}},"21":{"start":{"line":82,"column":4},"end":{"line":84,"column":9}},"22":{"start":{"line":83,"column":8},"end":{"line":83,"column":15}},"23":{"start":{"line":85,"column":4},"end":{"line":194,"column":5}},"24":{"start":{"line":91,"column":8},"end":{"line":99,"column":10}},"25":{"start":{"line":98,"column":12},"end":{"line":98,"column":35}},"26":{"start":{"line":102,"column":8},"end":{"line":104,"column":63}},"27":{"start":{"line":105,"column":8},"end":{"line":105,"column":14}},"28":{"start":{"line":112,"column":8},"end":{"line":121,"column":10},"skip":true},"29":{"start":{"line":119,"column":12},"end":{"line":119,"column":55},"skip":true},"30":{"start":{"line":120,"column":12},"end":{"line":120,"column":48},"skip":true},"31":{"start":{"line":123,"column":8},"end":{"line":136,"column":10},"skip":true},"32":{"start":{"line":130,"column":12},"end":{"line":130,"column":76},"skip":true},"33":{"start":{"line":131,"column":12},"end":{"line":131,"column":73},"skip":true},"34":{"start":{"line":132,"column":12},"end":{"line":132,"column":74},"skip":true},"35":{"start":{"line":133,"column":12},"end":{"line":133,"column":79},"skip":true},"36":{"start":{"line":134,"column":12},"end":{"line":134,"column":25},"skip":true},"37":{"start":{"line":135,"column":12},"end":{"line":135,"column":45},"skip":true},"38":{"start":{"line":138,"column":8},"end":{"line":145,"column":14},"skip":true},"39":{"start":{"line":143,"column":16},"end":{"line":143,"column":29},"skip":true},"40":{"start":{"line":144,"column":16},"end":{"line":144,"column":55},"skip":true},"41":{"start":{"line":147,"column":8},"end":{"line":156,"column":10},"skip":true},"42":{"start":{"line":154,"column":12},"end":{"line":154,"column":25},"skip":true},"43":{"start":{"line":155,"column":12},"end":{"line":155,"column":45},"skip":true},"44":{"start":{"line":158,"column":8},"end":{"line":167,"column":10},"skip":true},"45":{"start":{"line":165,"column":12},"end":{"line":165,"column":25},"skip":true},"46":{"start":{"line":166,"column":12},"end":{"line":166,"column":48},"skip":true},"47":{"start":{"line":169,"column":8},"end":{"line":178,"column":10},"skip":true},"48":{"start":{"line":176,"column":12},"end":{"line":176,"column":25},"skip":true},"49":{"start":{"line":177,"column":12},"end":{"line":177,"column":46},"skip":true},"50":{"start":{"line":180,"column":8},"end":{"line":189,"column":10},"skip":true},"51":{"start":{"line":187,"column":12},"end":{"line":187,"column":94},"skip":true},"52":{"start":{"line":188,"column":12},"end":{"line":188,"column":48},"skip":true},"53":{"start":{"line":192,"column":8},"end":{"line":192,"column":35},"skip":true},"54":{"start":{"line":193,"column":8},"end":{"line":193,"column":14},"skip":true}},"branchMap":{"1":{"line":25,"type":"binary-expr","locations":[{"start":{"line":25,"column":23},"end":{"line":25,"column":62}},{"start":{"line":26,"column":20},"end":{"line":26,"column":70}},{"start":{"line":27,"column":20},"end":{"line":27,"column":71}},{"start":{"line":28,"column":20},"end":{"line":28,"column":29}}]},"2":{"line":30,"type":"binary-expr","locations":[{"start":{"line":30,"column":23},"end":{"line":30,"column":37}},{"start":{"line":31,"column":20},"end":{"line":31,"column":61}},{"start":{"line":32,"column":20},"end":{"line":32,"column":70}},{"start":{"line":33,"column":20},"end":{"line":33,"column":26}}]},"3":{"line":37,"type":"cond-expr","locations":[{"start":{"line":38,"column":14},"end":{"line":38,"column":20}},{"start":{"line":39,"column":14},"end":{"line":39,"column":20}}]},"4":{"line":40,"type":"switch","locations":[{"start":{"line":42,"column":8},"end":{"line":47,"column":18}},{"start":{"line":49,"column":8},"end":{"line":52,"column":18}}]},"5":{"line":44,"type":"binary-expr","locations":[{"start":{"line":44,"column":16},"end":{"line":44,"column":44}},{"start":{"line":44,"column":48},"end":{"line":44,"column":66}}]},"6":{"line":50,"type":"binary-expr","locations":[{"start":{"line":50,"column":21},"end":{"line":50,"column":49}},{"start":{"line":50,"column":53},"end":{"line":50,"column":72}}]},"7":{"line":64,"type":"switch","locations":[{"start":{"line":69,"column":4},"end":{"line":70,"column":14}},{"start":{"line":75,"column":4},"end":{"line":76,"column":14}}]},"8":{"line":85,"type":"switch","locations":[{"start":{"line":90,"column":4},"end":{"line":105,"column":14}},{"start":{"line":111,"column":4},"end":{"line":193,"column":14},"skip":true}]},"9":{"line":91,"type":"binary-expr","locations":[{"start":{"line":91,"column":42},"end":{"line":91,"column":73}},{"start":{"line":91,"column":77},"end":{"line":99,"column":9}}]},"10":{"line":102,"type":"binary-expr","locations":[{"start":{"line":102,"column":18},"end":{"line":102,"column":32}},{"start":{"line":103,"column":12},"end":{"line":103,"column":53}},{"start":{"line":104,"column":12},"end":{"line":104,"column":61}}]},"11":{"line":112,"type":"binary-expr","locations":[{"start":{"line":112,"column":45},"end":{"line":112,"column":79},"skip":true},{"start":{"line":112,"column":83},"end":{"line":121,"column":9},"skip":true}]},"12":{"line":123,"type":"binary-expr","locations":[{"start":{"line":123,"column":42},"end":{"line":123,"column":73},"skip":true},{"start":{"line":123,"column":77},"end":{"line":136,"column":9},"skip":true}]},"13":{"line":138,"type":"binary-expr","locations":[{"start":{"line":138,"column":48},"end":{"line":138,"column":85},"skip":true},{"start":{"line":139,"column":12},"end":{"line":145,"column":13},"skip":true}]},"14":{"line":147,"type":"binary-expr","locations":[{"start":{"line":147,"column":42},"end":{"line":147,"column":73},"skip":true},{"start":{"line":147,"column":77},"end":{"line":156,"column":9},"skip":true}]},"15":{"line":158,"type":"binary-expr","locations":[{"start":{"line":158,"column":45},"end":{"line":158,"column":79},"skip":true},{"start":{"line":158,"column":83},"end":{"line":167,"column":9},"skip":true}]},"16":{"line":169,"type":"binary-expr","locations":[{"start":{"line":169,"column":43},"end":{"line":169,"column":75},"skip":true},{"start":{"line":169,"column":79},"end":{"line":178,"column":9},"skip":true}]},"17":{"line":180,"type":"binary-expr","locations":[{"start":{"line":180,"column":41},"end":{"line":180,"column":71},"skip":true},{"start":{"line":180,"column":75},"end":{"line":189,"column":9},"skip":true}]}},"code":["/* istanbul instrument in package npmtest_share */","/*jslint","    bitwise: true,","    browser: true,","    maxerr: 8,","    maxlen: 96,","    node: true,","    nomen: true,","    regexp: true,","    stupid: true","*/","(function () {","    'use strict';","    var local;","","","","    // run shared js-env code - init-before","    (function () {","        // init local","        local = {};","        // init modeJs","        local.modeJs = (function () {","            try {","                return typeof navigator.userAgent === 'string' &&","                    typeof document.querySelector('body') === 'object' &&","                    typeof XMLHttpRequest.prototype.open === 'function' &&","                    'browser';","            } catch (errorCaughtBrowser) {","                return module.exports &&","                    typeof process.versions.node === 'string' &&","                    typeof require('http').createServer === 'function' &&","                    'node';","            }","        }());","        // init global","        local.global = local.modeJs === 'browser'","            ? window","            : global;","        switch (local.modeJs) {","        // re-init local from window.local","        case 'browser':","            local = local.global.utility2.objectSetDefault(","                local.global.utility2_rollup || local.global.local,","                local.global.utility2","            );","            break;","        // re-init local from example.js","        case 'node':","            local = (local.global.utility2_rollup || require('utility2'))","                .requireReadme();","            break;","        }","        // export local","        local.global.local = local;","    }());","","","","    // run shared js-env code - function","    (function () {","        return;","    }());","    switch (local.modeJs) {","","","","    // run browser js-env code - function","    case 'browser':","        break;","","","","    // run node js-env code - function","    case 'node':","        break;","    }","","","","    // run shared js-env code - init-after","    (function () {","        return;","    }());","    switch (local.modeJs) {","","","","    // run browser js-env code - init-after","    case 'browser':","        local.testCase_browser_nullCase = local.testCase_browser_nullCase || function (","            options,","            onError","        ) {","        /*","         * this function will test browsers's null-case handling-behavior-behavior","         */","            onError(null, options);","        };","","        // run tests","        local.nop(local.modeTest &&","            document.querySelector('#testRunButton1') &&","            document.querySelector('#testRunButton1').click());","        break;","","","","    // run node js-env code - init-after","    /* istanbul ignore next */","    case 'node':","        local.testCase_buildApidoc_default = local.testCase_buildApidoc_default || function (","            options,","            onError","        ) {","        /*","         * this function will test buildApidoc's default handling-behavior-behavior","         */","            options = { modulePathList: module.paths };","            local.buildApidoc(options, onError);","        };","","        local.testCase_buildApp_default = local.testCase_buildApp_default || function (","            options,","            onError","        ) {","        /*","         * this function will test buildApp's default handling-behavior-behavior","         */","            local.testCase_buildReadme_default(options, local.onErrorThrow);","            local.testCase_buildLib_default(options, local.onErrorThrow);","            local.testCase_buildTest_default(options, local.onErrorThrow);","            local.testCase_buildCustomOrg_default(options, local.onErrorThrow);","            options = [];","            local.buildApp(options, onError);","        };","","        local.testCase_buildCustomOrg_default = local.testCase_buildCustomOrg_default ||","            function (options, onError) {","            /*","             * this function will test buildCustomOrg's default handling-behavior","             */","                options = {};","                local.buildCustomOrg(options, onError);","            };","","        local.testCase_buildLib_default = local.testCase_buildLib_default || function (","            options,","            onError","        ) {","        /*","         * this function will test buildLib's default handling-behavior","         */","            options = {};","            local.buildLib(options, onError);","        };","","        local.testCase_buildReadme_default = local.testCase_buildReadme_default || function (","            options,","            onError","        ) {","        /*","         * this function will test buildReadme's default handling-behavior-behavior","         */","            options = {};","            local.buildReadme(options, onError);","        };","","        local.testCase_buildTest_default = local.testCase_buildTest_default || function (","            options,","            onError","        ) {","        /*","         * this function will test buildTest's default handling-behavior","         */","            options = {};","            local.buildTest(options, onError);","        };","","        local.testCase_webpage_default = local.testCase_webpage_default || function (","            options,","            onError","        ) {","        /*","         * this function will test webpage's default handling-behavior","         */","            options = { modeCoverageMerge: true, url: local.serverLocalHost + '?modeTest=1' };","            local.browserTest(options, onError);","        };","","        // run test-server","        local.testRunServer(local);","        break;","    }","}());",""],"l":{"12":2,"14":2,"19":2,"21":2,"23":2,"24":2,"25":2,"30":1,"37":2,"40":2,"43":1,"47":1,"50":1,"52":1,"55":2,"61":2,"62":2,"64":2,"70":1,"76":1,"82":2,"83":2,"85":2,"91":1,"98":1,"102":1,"105":1,"112":1,"119":1,"120":1,"123":1,"130":1,"131":1,"132":1,"133":1,"134":1,"135":1,"138":1,"143":2,"144":2,"147":1,"154":2,"155":2,"158":1,"165":2,"166":2,"169":1,"176":2,"177":2,"180":1,"187":1,"188":1,"192":1,"193":1}},"/home/travis/build/npmtest/node-npmtest-share/lib.npmtest_share.js":{"path":"/home/travis/build/npmtest/node-npmtest-share/lib.npmtest_share.js","s":{"1":2,"2":2,"3":2,"4":2,"5":2,"6":2,"7":2,"8":1,"9":2,"10":2,"11":2,"12":2,"13":1,"14":1,"15":1,"16":1},"b":{"1":[2,1,1,1],"2":[1,1,1,1],"3":[1,1],"4":[2,2],"5":[1,1]},"f":{"1":2,"2":2,"3":2},"fnMap":{"1":{"name":"(anonymous_1)","line":12,"loc":{"start":{"line":12,"column":1},"end":{"line":12,"column":13}}},"2":{"name":"(anonymous_2)","line":19,"loc":{"start":{"line":19,"column":5},"end":{"line":19,"column":17}}},"3":{"name":"(anonymous_3)","line":23,"loc":{"start":{"line":23,"column":24},"end":{"line":23,"column":36}}}},"statementMap":{"1":{"start":{"line":12,"column":0},"end":{"line":53,"column":5}},"2":{"start":{"line":14,"column":4},"end":{"line":14,"column":14}},"3":{"start":{"line":19,"column":4},"end":{"line":52,"column":9}},"4":{"start":{"line":21,"column":8},"end":{"line":21,"column":19}},"5":{"start":{"line":23,"column":8},"end":{"line":35,"column":13}},"6":{"start":{"line":24,"column":12},"end":{"line":34,"column":13}},"7":{"start":{"line":25,"column":16},"end":{"line":28,"column":30}},"8":{"start":{"line":30,"column":16},"end":{"line":33,"column":27}},"9":{"start":{"line":37,"column":8},"end":{"line":39,"column":21}},"10":{"start":{"line":41,"column":8},"end":{"line":41,"column":54}},"11":{"start":{"line":43,"column":8},"end":{"line":43,"column":50}},"12":{"start":{"line":45,"column":8},"end":{"line":51,"column":9}},"13":{"start":{"line":46,"column":12},"end":{"line":46,"column":56}},"14":{"start":{"line":48,"column":12},"end":{"line":48,"column":35}},"15":{"start":{"line":49,"column":12},"end":{"line":49,"column":49}},"16":{"start":{"line":50,"column":12},"end":{"line":50,"column":43}}},"branchMap":{"1":{"line":25,"type":"binary-expr","locations":[{"start":{"line":25,"column":23},"end":{"line":25,"column":62}},{"start":{"line":26,"column":20},"end":{"line":26,"column":70}},{"start":{"line":27,"column":20},"end":{"line":27,"column":71}},{"start":{"line":28,"column":20},"end":{"line":28,"column":29}}]},"2":{"line":30,"type":"binary-expr","locations":[{"start":{"line":30,"column":23},"end":{"line":30,"column":37}},{"start":{"line":31,"column":20},"end":{"line":31,"column":61}},{"start":{"line":32,"column":20},"end":{"line":32,"column":70}},{"start":{"line":33,"column":20},"end":{"line":33,"column":26}}]},"3":{"line":37,"type":"cond-expr","locations":[{"start":{"line":38,"column":14},"end":{"line":38,"column":20}},{"start":{"line":39,"column":14},"end":{"line":39,"column":20}}]},"4":{"line":41,"type":"binary-expr","locations":[{"start":{"line":41,"column":16},"end":{"line":41,"column":44}},{"start":{"line":41,"column":48},"end":{"line":41,"column":53}}]},"5":{"line":45,"type":"if","locations":[{"start":{"line":45,"column":8},"end":{"line":45,"column":8}},{"start":{"line":45,"column":8},"end":{"line":45,"column":8}}]}},"code":["/* istanbul instrument in package npmtest_share */","/*jslint","    bitwise: true,","    browser: true,","    maxerr: 8,","    maxlen: 96,","    node: true,","    nomen: true,","    regexp: true,","    stupid: true","*/","(function () {","    'use strict';","    var local;","","","","    // run shared js-env code - init-before","    (function () {","        // init local","        local = {};","        // init modeJs","        local.modeJs = (function () {","            try {","                return typeof navigator.userAgent === 'string' &&","                    typeof document.querySelector('body') === 'object' &&","                    typeof XMLHttpRequest.prototype.open === 'function' &&","                    'browser';","            } catch (errorCaughtBrowser) {","                return module.exports &&","                    typeof process.versions.node === 'string' &&","                    typeof require('http').createServer === 'function' &&","                    'node';","            }","        }());","        // init global","        local.global = local.modeJs === 'browser'","            ? window","            : global;","        // init utility2_rollup","        local = local.global.utility2_rollup || local;","        // init lib","        local.local = local.npmtest_share = local;","        // init exports","        if (local.modeJs === 'browser') {","            local.global.utility2_npmtest_share = local;","        } else {","            module.exports = local;","            module.exports.__dirname = __dirname;","            module.exports.module = module;","        }","    }());","}());",""],"l":{"12":2,"14":2,"19":2,"21":2,"23":2,"24":2,"25":2,"30":1,"37":2,"41":2,"43":2,"45":2,"46":1,"48":1,"49":1,"50":1}},"/home/travis/build/npmtest/node-npmtest-share/example.js":{"path":"/home/travis/build/npmtest/node-npmtest-share/example.js","s":{"1":2,"2":2,"3":2,"4":2,"5":2,"6":2,"7":2,"8":1,"9":2,"10":2,"11":2,"12":2,"13":1,"14":2,"15":2,"16":2,"17":2,"18":2,"19":0,"20":2,"21":1,"22":1,"23":1,"24":1,"25":1,"26":0,"27":0,"28":1,"29":1,"30":2,"31":0,"32":0,"33":0,"34":1,"35":2,"36":2,"37":3,"38":3,"39":3,"40":3,"41":0,"42":3,"43":3,"44":3,"45":1,"46":3,"47":1,"48":1,"49":1,"50":1,"51":1,"52":1,"53":1,"54":1,"55":1,"56":1,"57":0,"58":1,"59":6,"60":6,"61":1,"62":2,"63":0,"64":2,"65":1,"66":1,"67":0,"68":0,"69":0,"70":0,"71":0,"72":0,"73":0,"74":0,"75":0,"76":0,"77":0,"78":0,"79":0,"80":0,"81":0,"82":0,"83":0},"b":{"1":[2,1,1,1],"2":[1,1,1,1],"3":[1,1],"4":[2,2],"5":[1,1],"6":[1,1],"7":[2,0],"8":[2,1,1,1,1,1],"9":[0,2,0],"10":[1,1],"11":[2,1,1],"12":[1,0],"13":[0,2],"14":[2,0,0,0,0,0,0],"15":[0,3],"16":[3,0],"17":[1,1],"18":[0,1],"19":[1,2,0,2],"20":[1,0],"21":[1,1],"22":[0,0],"23":[0,0],"24":[0,0],"25":[0,0],"26":[0,0],"27":[0,0],"28":[0,0]},"f":{"1":2,"2":2,"3":2,"4":2,"5":2,"6":2,"7":3,"8":3,"9":3,"10":1,"11":6,"12":0},"fnMap":{"1":{"name":"(anonymous_1)","line":26,"loc":{"start":{"line":26,"column":1},"end":{"line":26,"column":13}}},"2":{"name":"(anonymous_2)","line":33,"loc":{"start":{"line":33,"column":5},"end":{"line":33,"column":17}}},"3":{"name":"(anonymous_3)","line":37,"loc":{"start":{"line":37,"column":24},"end":{"line":37,"column":36}}},"4":{"name":"(anonymous_4)","line":69,"loc":{"start":{"line":69,"column":31},"end":{"line":69,"column":48}},"skip":true},"5":{"name":"(anonymous_5)","line":78,"loc":{"start":{"line":78,"column":26},"end":{"line":78,"column":45}},"skip":true},"6":{"name":"(anonymous_6)","line":123,"loc":{"start":{"line":123,"column":33},"end":{"line":123,"column":48}},"skip":true},"7":{"name":"(anonymous_7)","line":125,"loc":{"start":{"line":125,"column":27},"end":{"line":125,"column":39}},"skip":true},"8":{"name":"(anonymous_8)","line":133,"loc":{"start":{"line":133,"column":59},"end":{"line":133,"column":74}},"skip":true},"9":{"name":"(anonymous_9)","line":143,"loc":{"start":{"line":143,"column":45},"end":{"line":143,"column":62}},"skip":true},"10":{"name":"(anonymous_10)","line":144,"loc":{"start":{"line":144,"column":73},"end":{"line":144,"column":92}},"skip":true},"11":{"name":"(anonymous_11)","line":272,"loc":{"start":{"line":272,"column":51},"end":{"line":272,"column":77}},"skip":true},"12":{"name":"(anonymous_12)","line":315,"loc":{"start":{"line":315,"column":32},"end":{"line":315,"column":61}},"skip":true}},"statementMap":{"1":{"start":{"line":26,"column":0},"end":{"line":326,"column":5}},"2":{"start":{"line":28,"column":4},"end":{"line":28,"column":14}},"3":{"start":{"line":33,"column":4},"end":{"line":60,"column":9}},"4":{"start":{"line":35,"column":8},"end":{"line":35,"column":19}},"5":{"start":{"line":37,"column":8},"end":{"line":49,"column":13}},"6":{"start":{"line":38,"column":12},"end":{"line":48,"column":13}},"7":{"start":{"line":39,"column":16},"end":{"line":42,"column":30}},"8":{"start":{"line":44,"column":16},"end":{"line":47,"column":27}},"9":{"start":{"line":51,"column":8},"end":{"line":53,"column":21}},"10":{"start":{"line":55,"column":8},"end":{"line":57,"column":45}},"11":{"start":{"line":59,"column":8},"end":{"line":59,"column":35}},"12":{"start":{"line":61,"column":4},"end":{"line":325,"column":5}},"13":{"start":{"line":69,"column":8},"end":{"line":121,"column":10},"skip":true},"14":{"start":{"line":70,"column":12},"end":{"line":88,"column":13},"skip":true},"15":{"start":{"line":76,"column":16},"end":{"line":87,"column":19},"skip":true},"16":{"start":{"line":79,"column":20},"end":{"line":86,"column":21},"skip":true},"17":{"start":{"line":82,"column":24},"end":{"line":82,"column":43},"skip":true},"18":{"start":{"line":83,"column":24},"end":{"line":83,"column":30},"skip":true},"19":{"start":{"line":85,"column":24},"end":{"line":85,"column":49},"skip":true},"20":{"start":{"line":89,"column":12},"end":{"line":107,"column":13},"skip":true},"21":{"start":{"line":92,"column":16},"end":{"line":102,"column":17},"skip":true},"22":{"start":{"line":93,"column":20},"end":{"line":93,"column":86},"skip":true},"23":{"start":{"line":94,"column":20},"end":{"line":95,"column":45},"skip":true},"24":{"start":{"line":96,"column":20},"end":{"line":96,"column":42},"skip":true},"25":{"start":{"line":97,"column":20},"end":{"line":97,"column":48},"skip":true},"26":{"start":{"line":100,"column":20},"end":{"line":100,"column":85},"skip":true},"27":{"start":{"line":101,"column":20},"end":{"line":101,"column":96},"skip":true},"28":{"start":{"line":103,"column":16},"end":{"line":103,"column":22},"skip":true},"29":{"start":{"line":106,"column":16},"end":{"line":106,"column":22},"skip":true},"30":{"start":{"line":108,"column":12},"end":{"line":120,"column":13},"skip":true},"31":{"start":{"line":114,"column":16},"end":{"line":119,"column":17},"skip":true},"32":{"start":{"line":116,"column":20},"end":{"line":116,"column":78},"skip":true},"33":{"start":{"line":118,"column":20},"end":{"line":118,"column":47},"skip":true},"34":{"start":{"line":123,"column":8},"end":{"line":141,"column":11},"skip":true},"35":{"start":{"line":124,"column":12},"end":{"line":124,"column":54},"skip":true},"36":{"start":{"line":125,"column":12},"end":{"line":140,"column":14},"skip":true},"37":{"start":{"line":126,"column":16},"end":{"line":126,"column":28},"skip":true},"38":{"start":{"line":127,"column":16},"end":{"line":127,"column":69},"skip":true},"39":{"start":{"line":128,"column":16},"end":{"line":128,"column":75},"skip":true},"40":{"start":{"line":129,"column":16},"end":{"line":131,"column":17},"skip":true},"41":{"start":{"line":130,"column":20},"end":{"line":130,"column":27},"skip":true},"42":{"start":{"line":133,"column":16},"end":{"line":137,"column":36},"skip":true},"43":{"start":{"line":134,"column":20},"end":{"line":136,"column":55},"skip":true},"44":{"start":{"line":139,"column":16},"end":{"line":139,"column":57},"skip":true},"45":{"start":{"line":143,"column":8},"end":{"line":147,"column":11},"skip":true},"46":{"start":{"line":144,"column":12},"end":{"line":146,"column":15},"skip":true},"47":{"start":{"line":145,"column":16},"end":{"line":145,"column":70},"skip":true},"48":{"start":{"line":149,"column":8},"end":{"line":149,"column":31},"skip":true},"49":{"start":{"line":150,"column":8},"end":{"line":150,"column":14},"skip":true},"50":{"start":{"line":158,"column":8},"end":{"line":158,"column":31},"skip":true},"51":{"start":{"line":160,"column":8},"end":{"line":160,"column":33},"skip":true},"52":{"start":{"line":161,"column":8},"end":{"line":161,"column":37},"skip":true},"53":{"start":{"line":162,"column":8},"end":{"line":162,"column":35},"skip":true},"54":{"start":{"line":164,"column":8},"end":{"line":164,"column":50},"skip":true},"55":{"start":{"line":166,"column":8},"end":{"line":256,"column":2},"skip":true},"56":{"start":{"line":258,"column":8},"end":{"line":286,"column":9},"skip":true},"57":{"start":{"line":259,"column":12},"end":{"line":269,"column":14},"skip":true},"58":{"start":{"line":271,"column":12},"end":{"line":285,"column":19},"skip":true},"59":{"start":{"line":274,"column":20},"end":{"line":274,"column":35},"skip":true},"60":{"start":{"line":275,"column":20},"end":{"line":284,"column":21},"skip":true},"61":{"start":{"line":277,"column":24},"end":{"line":277,"column":64},"skip":true},"62":{"start":{"line":279,"column":24},"end":{"line":279,"column":40},"skip":true},"63":{"start":{"line":281,"column":24},"end":{"line":281,"column":40},"skip":true},"64":{"start":{"line":283,"column":24},"end":{"line":283,"column":39},"skip":true},"65":{"start":{"line":288,"column":8},"end":{"line":290,"column":9},"skip":true},"66":{"start":{"line":289,"column":12},"end":{"line":289,"column":18},"skip":true},"67":{"start":{"line":291,"column":8},"end":{"line":293,"column":54},"skip":true},"68":{"start":{"line":296,"column":8},"end":{"line":301,"column":37},"skip":true},"69":{"start":{"line":303,"column":8},"end":{"line":303,"column":82},"skip":true},"70":{"start":{"line":306,"column":8},"end":{"line":308,"column":9},"skip":true},"71":{"start":{"line":307,"column":12},"end":{"line":307,"column":82},"skip":true},"72":{"start":{"line":310,"column":8},"end":{"line":312,"column":9},"skip":true},"73":{"start":{"line":311,"column":12},"end":{"line":311,"column":18},"skip":true},"74":{"start":{"line":313,"column":8},"end":{"line":313,"column":54},"skip":true},"75":{"start":{"line":314,"column":8},"end":{"line":314,"column":69},"skip":true},"76":{"start":{"line":315,"column":8},"end":{"line":323,"column":36},"skip":true},"77":{"start":{"line":316,"column":12},"end":{"line":316,"column":61},"skip":true},"78":{"start":{"line":317,"column":12},"end":{"line":320,"column":13},"skip":true},"79":{"start":{"line":318,"column":16},"end":{"line":318,"column":75},"skip":true},"80":{"start":{"line":319,"column":16},"end":{"line":319,"column":23},"skip":true},"81":{"start":{"line":321,"column":12},"end":{"line":321,"column":38},"skip":true},"82":{"start":{"line":322,"column":12},"end":{"line":322,"column":27},"skip":true},"83":{"start":{"line":324,"column":8},"end":{"line":324,"column":14},"skip":true}},"branchMap":{"1":{"line":39,"type":"binary-expr","locations":[{"start":{"line":39,"column":23},"end":{"line":39,"column":62}},{"start":{"line":40,"column":20},"end":{"line":40,"column":70}},{"start":{"line":41,"column":20},"end":{"line":41,"column":71}},{"start":{"line":42,"column":20},"end":{"line":42,"column":29}}]},"2":{"line":44,"type":"binary-expr","locations":[{"start":{"line":44,"column":23},"end":{"line":44,"column":37}},{"start":{"line":45,"column":20},"end":{"line":45,"column":61}},{"start":{"line":46,"column":20},"end":{"line":46,"column":70}},{"start":{"line":47,"column":20},"end":{"line":47,"column":26}}]},"3":{"line":51,"type":"cond-expr","locations":[{"start":{"line":52,"column":14},"end":{"line":52,"column":20}},{"start":{"line":53,"column":14},"end":{"line":53,"column":20}}]},"4":{"line":55,"type":"binary-expr","locations":[{"start":{"line":55,"column":16},"end":{"line":55,"column":44}},{"start":{"line":55,"column":49},"end":{"line":57,"column":43}}]},"5":{"line":55,"type":"cond-expr","locations":[{"start":{"line":56,"column":14},"end":{"line":56,"column":49}},{"start":{"line":57,"column":14},"end":{"line":57,"column":43}}]},"6":{"line":61,"type":"switch","locations":[{"start":{"line":68,"column":4},"end":{"line":150,"column":14},"skip":true},{"start":{"line":156,"column":4},"end":{"line":324,"column":14},"skip":true}]},"7":{"line":70,"type":"if","locations":[{"start":{"line":70,"column":12},"end":{"line":70,"column":12},"skip":true},{"start":{"line":70,"column":12},"end":{"line":70,"column":12},"skip":true}]},"8":{"line":70,"type":"binary-expr","locations":[{"start":{"line":70,"column":16},"end":{"line":70,"column":22},"skip":true},{"start":{"line":70,"column":27},"end":{"line":70,"column":32},"skip":true},{"start":{"line":71,"column":20},"end":{"line":71,"column":39},"skip":true},{"start":{"line":72,"column":20},"end":{"line":72,"column":49},"skip":true},{"start":{"line":73,"column":20},"end":{"line":73,"column":58},"skip":true},{"start":{"line":74,"column":20},"end":{"line":74,"column":69},"skip":true}]},"9":{"line":79,"type":"switch","locations":[{"start":{"line":80,"column":20},"end":{"line":80,"column":33},"skip":true},{"start":{"line":81,"column":20},"end":{"line":83,"column":30},"skip":true},{"start":{"line":84,"column":20},"end":{"line":85,"column":49},"skip":true}]},"10":{"line":89,"type":"switch","locations":[{"start":{"line":90,"column":12},"end":{"line":103,"column":22},"skip":true},{"start":{"line":105,"column":12},"end":{"line":106,"column":22},"skip":true}]},"11":{"line":89,"type":"binary-expr","locations":[{"start":{"line":89,"column":20},"end":{"line":89,"column":25},"skip":true},{"start":{"line":89,"column":29},"end":{"line":89,"column":48},"skip":true},{"start":{"line":89,"column":52},"end":{"line":89,"column":74},"skip":true}]},"12":{"line":92,"type":"if","locations":[{"start":{"line":92,"column":16},"end":{"line":92,"column":16},"skip":true},{"start":{"line":92,"column":16},"end":{"line":92,"column":16},"skip":true}]},"13":{"line":108,"type":"if","locations":[{"start":{"line":108,"column":12},"end":{"line":108,"column":12},"skip":true},{"start":{"line":108,"column":12},"end":{"line":108,"column":12},"skip":true}]},"14":{"line":108,"type":"binary-expr","locations":[{"start":{"line":108,"column":16},"end":{"line":108,"column":61},"skip":true},{"start":{"line":108,"column":66},"end":{"line":108,"column":72},"skip":true},{"start":{"line":108,"column":77},"end":{"line":108,"column":82},"skip":true},{"start":{"line":109,"column":20},"end":{"line":109,"column":39},"skip":true},{"start":{"line":110,"column":20},"end":{"line":110,"column":49},"skip":true},{"start":{"line":111,"column":20},"end":{"line":111,"column":58},"skip":true},{"start":{"line":112,"column":20},"end":{"line":112,"column":68},"skip":true}]},"15":{"line":129,"type":"if","locations":[{"start":{"line":129,"column":16},"end":{"line":129,"column":16},"skip":true},{"start":{"line":129,"column":16},"end":{"line":129,"column":16},"skip":true}]},"16":{"line":134,"type":"cond-expr","locations":[{"start":{"line":135,"column":26},"end":{"line":135,"column":29},"skip":true},{"start":{"line":136,"column":26},"end":{"line":136,"column":54},"skip":true}]},"17":{"line":164,"type":"binary-expr","locations":[{"start":{"line":164,"column":27},"end":{"line":164,"column":43},"skip":true},{"start":{"line":164,"column":47},"end":{"line":164,"column":49},"skip":true}]},"18":{"line":258,"type":"if","locations":[{"start":{"line":258,"column":8},"end":{"line":258,"column":8},"skip":true},{"start":{"line":258,"column":8},"end":{"line":258,"column":8},"skip":true}]},"19":{"line":275,"type":"switch","locations":[{"start":{"line":276,"column":20},"end":{"line":277,"column":64},"skip":true},{"start":{"line":278,"column":20},"end":{"line":279,"column":40},"skip":true},{"start":{"line":280,"column":20},"end":{"line":281,"column":40},"skip":true},{"start":{"line":282,"column":20},"end":{"line":283,"column":39},"skip":true}]},"20":{"line":288,"type":"if","locations":[{"start":{"line":288,"column":8},"end":{"line":288,"column":8},"skip":true},{"start":{"line":288,"column":8},"end":{"line":288,"column":8},"skip":true}]},"21":{"line":288,"type":"binary-expr","locations":[{"start":{"line":288,"column":12},"end":{"line":288,"column":40},"skip":true},{"start":{"line":288,"column":44},"end":{"line":288,"column":67},"skip":true}]},"22":{"line":292,"type":"binary-expr","locations":[{"start":{"line":292,"column":12},"end":{"line":292,"column":50},"skip":true},{"start":{"line":293,"column":12},"end":{"line":293,"column":53},"skip":true}]},"23":{"line":297,"type":"binary-expr","locations":[{"start":{"line":297,"column":12},"end":{"line":297,"column":63},"skip":true},{"start":{"line":298,"column":12},"end":{"line":301,"column":36},"skip":true}]},"24":{"line":303,"type":"binary-expr","locations":[{"start":{"line":303,"column":43},"end":{"line":303,"column":75},"skip":true},{"start":{"line":303,"column":79},"end":{"line":303,"column":81},"skip":true}]},"25":{"line":306,"type":"if","locations":[{"start":{"line":306,"column":8},"end":{"line":306,"column":8},"skip":true},{"start":{"line":306,"column":8},"end":{"line":306,"column":8},"skip":true}]},"26":{"line":310,"type":"if","locations":[{"start":{"line":310,"column":8},"end":{"line":310,"column":8},"skip":true},{"start":{"line":310,"column":8},"end":{"line":310,"column":8},"skip":true}]},"27":{"line":313,"type":"binary-expr","locations":[{"start":{"line":313,"column":27},"end":{"line":313,"column":43},"skip":true},{"start":{"line":313,"column":47},"end":{"line":313,"column":53},"skip":true}]},"28":{"line":317,"type":"if","locations":[{"start":{"line":317,"column":12},"end":{"line":317,"column":12},"skip":true},{"start":{"line":317,"column":12},"end":{"line":317,"column":12},"skip":true}]}},"code":["/*","example.js","","quickstart example","","instruction","    1. save this script as example.js","    2. run the shell command:","        $ npm install npmtest-share && PORT=8081 node example.js","    3. play with the browser-demo on http://127.0.0.1:8081","*/","","","","/* istanbul instrument in package npmtest_share */","/*jslint","    bitwise: true,","    browser: true,","    maxerr: 8,","    maxlen: 96,","    node: true,","    nomen: true,","    regexp: true,","    stupid: true","*/","(function () {","    'use strict';","    var local;","","","","    // run shared js-env code - init-before","    (function () {","        // init local","        local = {};","        // init modeJs","        local.modeJs = (function () {","            try {","                return typeof navigator.userAgent === 'string' &&","                    typeof document.querySelector('body') === 'object' &&","                    typeof XMLHttpRequest.prototype.open === 'function' &&","                    'browser';","            } catch (errorCaughtBrowser) {","                return module.exports &&","                    typeof process.versions.node === 'string' &&","                    typeof require('http').createServer === 'function' &&","                    'node';","            }","        }());","        // init global","        local.global = local.modeJs === 'browser'","            ? window","            : global;","        // init utility2_rollup","        local = local.global.utility2_rollup || (local.modeJs === 'browser'","            ? local.global.utility2_npmtest_share","            : global.utility2_moduleExports);","        // export local","        local.global.local = local;","    }());","    switch (local.modeJs) {","","","","    // init-after","    // run browser js-env code - init-after","    /* istanbul ignore next */","    case 'browser':","        local.testRunBrowser = function (event) {","            if (!event || (event &&","                    event.currentTarget &&","                    event.currentTarget.className &&","                    event.currentTarget.className.includes &&","                    event.currentTarget.className.includes('onreset'))) {","                // reset output","                Array.from(","                    document.querySelectorAll('body > .resettable')","                ).forEach(function (element) {","                    switch (element.tagName) {","                    case 'INPUT':","                    case 'TEXTAREA':","                        element.value = '';","                        break;","                    default:","                        element.textContent = '';","                    }","                });","            }","            switch (event && event.currentTarget && event.currentTarget.id) {","            case 'testRunButton1':","                // show tests","                if (document.querySelector('#testReportDiv1').style.display === 'none') {","                    document.querySelector('#testReportDiv1').style.display = 'block';","                    document.querySelector('#testRunButton1').textContent =","                        'hide internal test';","                    local.modeTest = true;","                    local.testRunDefault(local);","                // hide tests","                } else {","                    document.querySelector('#testReportDiv1').style.display = 'none';","                    document.querySelector('#testRunButton1').textContent = 'run internal test';","                }","                break;","            // custom-case","            default:","                break;","            }","            if (document.querySelector('#inputTextareaEval1') && (!event || (event &&","                    event.currentTarget &&","                    event.currentTarget.className &&","                    event.currentTarget.className.includes &&","                    event.currentTarget.className.includes('oneval')))) {","                // try to eval input-code","                try {","                    /*jslint evil: true*/","                    eval(document.querySelector('#inputTextareaEval1').value);","                } catch (errorCaught) {","                    console.error(errorCaught);","                }","            }","        };","        // log stderr and stdout to #outputTextareaStdout1","        ['error', 'log'].forEach(function (key) {","            console[key + '_original'] = console[key];","            console[key] = function () {","                var element;","                console[key + '_original'].apply(console, arguments);","                element = document.querySelector('#outputTextareaStdout1');","                if (!element) {","                    return;","                }","                // append text to #outputTextareaStdout1","                element.value += Array.from(arguments).map(function (arg) {","                    return typeof arg === 'string'","                        ? arg","                        : JSON.stringify(arg, null, 4);","                }).join(' ') + '\\n';","                // scroll textarea to bottom","                element.scrollTop = element.scrollHeight;","            };","        });","        // init event-handling","        ['change', 'click', 'keyup'].forEach(function (event) {","            Array.from(document.querySelectorAll('.on' + event)).forEach(function (element) {","                element.addEventListener(event, local.testRunBrowser);","            });","        });","        // run tests","        local.testRunBrowser();","        break;","","","","    // run node js-env code - init-after","    /* istanbul ignore next */","    case 'node':","        // export local","        module.exports = local;","        // require modules","        local.fs = require('fs');","        local.http = require('http');","        local.url = require('url');","        // init assets","        local.assetsDict = local.assetsDict || {};","        /* jslint-ignore-begin */","        local.assetsDict['/assets.index.template.html'] = '\\","<!doctype html>\\n\\","<html lang=\"en\">\\n\\","<head>\\n\\","<meta charset=\"UTF-8\">\\n\\","<meta name=\"viewport\" content=\"width=device-width, initial-scale=1\">\\n\\","<title>{{env.npm_package_name}} (v{{env.npm_package_version}})</title>\\n\\","<style>\\n\\","/*csslint\\n\\","    box-sizing: false,\\n\\","    universal-selector: false\\n\\","*/\\n\\","* {\\n\\","    box-sizing: border-box;\\n\\","}\\n\\","body {\\n\\","    background: #dde;\\n\\","    font-family: Arial, Helvetica, sans-serif;\\n\\","    margin: 2rem;\\n\\","}\\n\\","body > * {\\n\\","    margin-bottom: 1rem;\\n\\","}\\n\\",".utility2FooterDiv {\\n\\","    margin-top: 20px;\\n\\","    text-align: center;\\n\\","}\\n\\","</style>\\n\\","<style>\\n\\","/*csslint\\n\\","*/\\n\\","textarea {\\n\\","    font-family: monospace;\\n\\","    height: 10rem;\\n\\","    width: 100%;\\n\\","}\\n\\","textarea[readonly] {\\n\\","    background: #ddd;\\n\\","}\\n\\","</style>\\n\\","</head>\\n\\","<body>\\n\\","<!-- utility2-comment\\n\\","<div id=\"ajaxProgressDiv1\" style=\"background: #d00; height: 2px; left: 0; margin: 0; padding: 0; position: fixed; top: 0; transition: background 0.5s, width 1.5s; width: 25%;\"></div>\\n\\","utility2-comment -->\\n\\","<h1>\\n\\","<!-- utility2-comment\\n\\","    <a\\n\\","        {{#if env.npm_package_homepage}}\\n\\","        href=\"{{env.npm_package_homepage}}\"\\n\\","        {{/if env.npm_package_homepage}}\\n\\","        target=\"_blank\"\\n\\","    >\\n\\","utility2-comment -->\\n\\","        {{env.npm_package_name}} (v{{env.npm_package_version}})\\n\\","<!-- utility2-comment\\n\\","    </a>\\n\\","utility2-comment -->\\n\\","</h1>\\n\\","<h3>{{env.npm_package_description}}</h3>\\n\\","<!-- utility2-comment\\n\\","<h4><a download href=\"assets.app.js\">download standalone app</a></h4>\\n\\","<button class=\"onclick onreset\" id=\"testRunButton1\">run internal test</button><br>\\n\\","<div id=\"testReportDiv1\" style=\"display: none;\"></div>\\n\\","utility2-comment -->\\n\\","\\n\\","\\n\\","\\n\\","<label>stderr and stdout</label>\\n\\","<textarea class=\"resettable\" id=\"outputTextareaStdout1\" readonly></textarea>\\n\\","<!-- utility2-comment\\n\\","{{#if isRollup}}\\n\\","<script src=\"assets.app.js\"></script>\\n\\","{{#unless isRollup}}\\n\\","utility2-comment -->\\n\\","<script src=\"assets.utility2.rollup.js\"></script>\\n\\","<script src=\"jsonp.utility2._stateInit?callback=window.utility2._stateInit\"></script>\\n\\","<script src=\"assets.npmtest_share.rollup.js\"></script>\\n\\","<script src=\"assets.example.js\"></script>\\n\\","<script src=\"assets.test.js\"></script>\\n\\","<!-- utility2-comment\\n\\","{{/if isRollup}}\\n\\","utility2-comment -->\\n\\","<div class=\"utility2FooterDiv\">\\n\\","    [ this app was created with\\n\\","    <a href=\"https://github.com/kaizhu256/node-utility2\" target=\"_blank\">utility2</a>\\n\\","    ]\\n\\","</div>\\n\\","</body>\\n\\","</html>\\n\\","';","        /* jslint-ignore-end */","        if (local.templateRender) {","            local.assetsDict['/'] = local.templateRender(","                local.assetsDict['/assets.index.template.html'],","                {","                    env: local.objectSetDefault(local.env, {","                        npm_package_description: 'the greatest app in the world!',","                        npm_package_name: 'my-app',","                        npm_package_nameAlias: 'my_app',","                        npm_package_version: '0.0.1'","                    })","                }","            );","        } else {","            local.assetsDict['/'] = local.assetsDict['/assets.index.template.html']","                .replace((/\\{\\{env\\.(\\w+?)\\}\\}/g), function (match0, match1) {","                    // jslint-hack","                    String(match0);","                    switch (match1) {","                    case 'npm_package_description':","                        return 'the greatest app in the world!';","                    case 'npm_package_name':","                        return 'my-app';","                    case 'npm_package_nameAlias':","                        return 'my_app';","                    case 'npm_package_version':","                        return '0.0.1';","                    }","                });","        }","        // run the cli","        if (local.global.utility2_rollup || module !== require.main) {","            break;","        }","        local.assetsDict['/assets.example.js'] =","            local.assetsDict['/assets.example.js'] ||","            local.fs.readFileSync(__filename, 'utf8');","        // bug-workaround - long $npm_package_buildCustomOrg","        /* jslint-ignore-begin */","        local.assetsDict['/assets.npmtest_share.rollup.js'] =","            local.assetsDict['/assets.npmtest_share.rollup.js'] ||","            local.fs.readFileSync(","                local.npmtest_share.__dirname + '/lib.npmtest_share.js',","                'utf8'","            ).replace((/^#!/), '//');","        /* jslint-ignore-end */","        local.assetsDict['/favicon.ico'] = local.assetsDict['/favicon.ico'] || '';","        // if $npm_config_timeout_exit exists,","        // then exit this process after $npm_config_timeout_exit ms","        if (Number(process.env.npm_config_timeout_exit)) {","            setTimeout(process.exit, Number(process.env.npm_config_timeout_exit));","        }","        // start server","        if (local.global.utility2_serverHttp1) {","            break;","        }","        process.env.PORT = process.env.PORT || '8081';","        console.error('server starting on port ' + process.env.PORT);","        local.http.createServer(function (request, response) {","            request.urlParsed = local.url.parse(request.url);","            if (local.assetsDict[request.urlParsed.pathname] !== undefined) {","                response.end(local.assetsDict[request.urlParsed.pathname]);","                return;","            }","            response.statusCode = 404;","            response.end();","        }).listen(process.env.PORT);","        break;","    }","}());",""],"l":{"26":2,"28":2,"33":2,"35":2,"37":2,"38":2,"39":2,"44":1,"51":2,"55":2,"59":2,"61":2,"69":1,"70":2,"76":2,"79":2,"82":2,"83":2,"85":1,"89":2,"92":1,"93":1,"94":1,"96":1,"97":1,"100":1,"101":1,"103":1,"106":1,"108":2,"114":1,"116":1,"118":1,"123":1,"124":2,"125":2,"126":3,"127":3,"128":3,"129":3,"130":1,"133":3,"134":3,"139":3,"143":1,"144":3,"145":1,"149":1,"150":1,"158":1,"160":1,"161":1,"162":1,"164":1,"166":1,"258":1,"259":1,"271":1,"274":6,"275":6,"277":1,"279":2,"281":1,"283":2,"288":1,"289":1,"291":1,"296":1,"303":1,"306":1,"307":1,"310":1,"311":1,"313":1,"314":1,"315":1,"316":1,"317":1,"318":1,"319":1,"321":1,"322":1,"324":1}},"/home/travis/build/npmtest/node-npmtest-share/node_modules/share/lib/index.js":{"path":"/home/travis/build/npmtest/node-npmtest-share/node_modules/share/lib/index.js","s":{"1":1,"2":1,"3":1,"4":1,"5":1},"b":{},"f":{},"fnMap":{},"statementMap":{"1":{"start":{"line":1,"column":0},"end":{"line":1,"column":37}},"2":{"start":{"line":2,"column":0},"end":{"line":2,"column":37}},"3":{"start":{"line":5,"column":0},"end":{"line":5,"column":35}},"4":{"start":{"line":9,"column":0},"end":{"line":9,"column":44}},"5":{"start":{"line":12,"column":0},"end":{"line":12,"column":31}}},"branchMap":{},"code":["exports.server = require('./server');","exports.client = require('./client');","","// Type wrappers","exports.types = require('./types');","","// Export the scripts directory to make it easy to host the scripts with connect. Do something like this:","//  app.use('sharejs', connect.static(sharejs.scriptsDir));","exports.scriptsDir = __dirname + '/../dist';","","// Expose db.mongo, db.etc - whatever else is in livedb.","exports.db = require('livedb');",""],"l":{"1":1,"2":1,"5":1,"9":1,"12":1}},"/home/travis/build/npmtest/node-npmtest-share/node_modules/share/lib/server/index.js":{"path":"/home/travis/build/npmtest/node-npmtest-share/node_modules/share/lib/server/index.js","s":{"1":1,"2":1,"3":1,"4":1,"5":0,"6":0,"7":0,"8":0,"9":0,"10":0,"11":0,"12":0,"13":0,"14":0,"15":0,"16":1,"17":0,"18":0,"19":0,"20":0,"21":0,"22":0,"23":1,"24":0,"25":0,"26":1,"27":0,"28":0,"29":0,"30":0,"31":0,"32":0,"33":0,"34":0,"35":0,"36":1,"37":0,"38":1,"39":0,"40":1,"41":0,"42":1,"43":0,"44":1,"45":0,"46":1,"47":0,"48":0,"49":0,"50":0,"51":0,"52":0,"53":0,"54":0,"55":0,"56":0,"57":1,"58":0},"b":{"1":[0,0],"2":[0,0],"3":[0,0],"4":[0,0],"5":[0,0],"6":[0,0],"7":[0,0],"8":[0,0],"9":[0,0],"10":[0,0],"11":[0,0]},"f":{"1":0,"2":0,"3":0,"4":0,"5":0,"6":0,"7":0,"8":0,"9":0,"10":0,"11":0,"12":0,"13":0,"14":0},"fnMap":{"1":{"name":"(anonymous_1)","line":9,"loc":{"start":{"line":9,"column":20},"end":{"line":9,"column":38}}},"2":{"name":"(anonymous_2)","line":38,"loc":{"start":{"line":38,"column":33},"end":{"line":38,"column":55}}},"3":{"name":"(anonymous_3)","line":40,"loc":{"start":{"line":40,"column":75},"end":{"line":40,"column":89}}},"4":{"name":"(anonymous_4)","line":48,"loc":{"start":{"line":48,"column":31},"end":{"line":48,"column":42}}},"5":{"name":"(anonymous_5)","line":57,"loc":{"start":{"line":57,"column":30},"end":{"line":57,"column":59}}},"6":{"name":"(anonymous_6)","line":75,"loc":{"start":{"line":75,"column":33},"end":{"line":75,"column":46}}},"7":{"name":"(anonymous_7)","line":79,"loc":{"start":{"line":79,"column":36},"end":{"line":79,"column":49}}},"8":{"name":"(anonymous_8)","line":83,"loc":{"start":{"line":83,"column":38},"end":{"line":83,"column":55}}},"9":{"name":"(anonymous_9)","line":87,"loc":{"start":{"line":87,"column":40},"end":{"line":87,"column":57}}},"10":{"name":"(anonymous_10)","line":92,"loc":{"start":{"line":92,"column":41},"end":{"line":92,"column":58}}},"11":{"name":"(anonymous_11)","line":105,"loc":{"start":{"line":105,"column":35},"end":{"line":105,"column":63}}},"12":{"name":"(anonymous_12)","line":109,"loc":{"start":{"line":109,"column":13},"end":{"line":109,"column":24}}},"13":{"name":"(anonymous_13)","line":114,"loc":{"start":{"line":114,"column":24},"end":{"line":114,"column":38}}},"14":{"name":"(anonymous_14)","line":124,"loc":{"start":{"line":124,"column":23},"end":{"line":124,"column":41}}}},"statementMap":{"1":{"start":{"line":1,"column":0},"end":{"line":1,"column":35}},"2":{"start":{"line":2,"column":0},"end":{"line":2,"column":39}},"3":{"start":{"line":3,"column":0},"end":{"line":3,"column":31}},"4":{"start":{"line":9,"column":0},"end":{"line":27,"column":2}},"5":{"start":{"line":10,"column":2},"end":{"line":10,"column":25}},"6":{"start":{"line":12,"column":2},"end":{"line":12,"column":41}},"7":{"start":{"line":13,"column":2},"end":{"line":13,"column":35}},"8":{"start":{"line":15,"column":2},"end":{"line":21,"column":3}},"9":{"start":{"line":16,"column":4},"end":{"line":16,"column":35}},"10":{"start":{"line":17,"column":9},"end":{"line":21,"column":3}},"11":{"start":{"line":18,"column":4},"end":{"line":18,"column":45}},"12":{"start":{"line":20,"column":4},"end":{"line":20,"column":103}},"13":{"start":{"line":24,"column":2},"end":{"line":24,"column":28}},"14":{"start":{"line":25,"column":2},"end":{"line":25,"column":23}},"15":{"start":{"line":26,"column":2},"end":{"line":26,"column":22}},"16":{"start":{"line":38,"column":0},"end":{"line":45,"column":2}},"17":{"start":{"line":39,"column":2},"end":{"line":39,"column":43}},"18":{"start":{"line":40,"column":2},"end":{"line":43,"column":5}},"19":{"start":{"line":41,"column":4},"end":{"line":41,"column":39}},"20":{"start":{"line":41,"column":13},"end":{"line":41,"column":39}},"21":{"start":{"line":42,"column":4},"end":{"line":42,"column":19}},"22":{"start":{"line":44,"column":2},"end":{"line":44,"column":23}},"23":{"start":{"line":48,"column":0},"end":{"line":51,"column":2}},"24":{"start":{"line":49,"column":2},"end":{"line":49,"column":31}},"25":{"start":{"line":50,"column":2},"end":{"line":50,"column":20}},"26":{"start":{"line":57,"column":0},"end":{"line":71,"column":2}},"27":{"start":{"line":58,"column":2},"end":{"line":61,"column":3}},"28":{"start":{"line":59,"column":4},"end":{"line":59,"column":24}},"29":{"start":{"line":60,"column":4},"end":{"line":60,"column":16}},"30":{"start":{"line":63,"column":2},"end":{"line":65,"column":3}},"31":{"start":{"line":64,"column":4},"end":{"line":64,"column":103}},"32":{"start":{"line":67,"column":2},"end":{"line":67,"column":43}},"33":{"start":{"line":68,"column":2},"end":{"line":68,"column":61}},"34":{"start":{"line":68,"column":19},"end":{"line":68,"column":61}},"35":{"start":{"line":70,"column":2},"end":{"line":70,"column":30}},"36":{"start":{"line":75,"column":0},"end":{"line":77,"column":2}},"37":{"start":{"line":76,"column":2},"end":{"line":76,"column":27}},"38":{"start":{"line":79,"column":0},"end":{"line":81,"column":2}},"39":{"start":{"line":80,"column":2},"end":{"line":80,"column":26}},"40":{"start":{"line":83,"column":0},"end":{"line":85,"column":2}},"41":{"start":{"line":84,"column":2},"end":{"line":84,"column":37}},"42":{"start":{"line":87,"column":0},"end":{"line":89,"column":2}},"43":{"start":{"line":88,"column":2},"end":{"line":88,"column":35}},"44":{"start":{"line":92,"column":0},"end":{"line":94,"column":2}},"45":{"start":{"line":93,"column":2},"end":{"line":93,"column":33}},"46":{"start":{"line":105,"column":0},"end":{"line":122,"column":2}},"47":{"start":{"line":107,"column":2},"end":{"line":107,"column":88}},"48":{"start":{"line":109,"column":2},"end":{"line":119,"column":4}},"49":{"start":{"line":110,"column":4},"end":{"line":111,"column":60}},"50":{"start":{"line":111,"column":6},"end":{"line":111,"column":60}},"51":{"start":{"line":113,"column":4},"end":{"line":113,"column":41}},"52":{"start":{"line":114,"column":4},"end":{"line":118,"column":7}},"53":{"start":{"line":115,"column":6},"end":{"line":115,"column":59}},"54":{"start":{"line":115,"column":15},"end":{"line":115,"column":59}},"55":{"start":{"line":117,"column":6},"end":{"line":117,"column":13}},"56":{"start":{"line":121,"column":2},"end":{"line":121,"column":9}},"57":{"start":{"line":124,"column":0},"end":{"line":126,"column":2}},"58":{"start":{"line":125,"column":2},"end":{"line":125,"column":36}}},"branchMap":{"1":{"line":15,"type":"if","locations":[{"start":{"line":15,"column":2},"end":{"line":15,"column":2}},{"start":{"line":15,"column":2},"end":{"line":15,"column":2}}]},"2":{"line":17,"type":"if","locations":[{"start":{"line":17,"column":9},"end":{"line":17,"column":9}},{"start":{"line":17,"column":9},"end":{"line":17,"column":9}}]},"3":{"line":41,"type":"if","locations":[{"start":{"line":41,"column":4},"end":{"line":41,"column":4}},{"start":{"line":41,"column":4},"end":{"line":41,"column":4}}]},"4":{"line":58,"type":"if","locations":[{"start":{"line":58,"column":2},"end":{"line":58,"column":2}},{"start":{"line":58,"column":2},"end":{"line":58,"column":2}}]},"5":{"line":63,"type":"if","locations":[{"start":{"line":63,"column":2},"end":{"line":63,"column":2}},{"start":{"line":63,"column":2},"end":{"line":63,"column":2}}]},"6":{"line":68,"type":"if","locations":[{"start":{"line":68,"column":2},"end":{"line":68,"column":2}},{"start":{"line":68,"column":2},"end":{"line":68,"column":2}}]},"7":{"line":107,"type":"binary-expr","locations":[{"start":{"line":107,"column":21},"end":{"line":107,"column":52}},{"start":{"line":107,"column":56},"end":{"line":107,"column":58}}]},"8":{"line":110,"type":"if","locations":[{"start":{"line":110,"column":4},"end":{"line":110,"column":4}},{"start":{"line":110,"column":4},"end":{"line":110,"column":4}}]},"9":{"line":111,"type":"cond-expr","locations":[{"start":{"line":111,"column":24},"end":{"line":111,"column":47}},{"start":{"line":111,"column":50},"end":{"line":111,"column":59}}]},"10":{"line":115,"type":"if","locations":[{"start":{"line":115,"column":6},"end":{"line":115,"column":6}},{"start":{"line":115,"column":6},"end":{"line":115,"column":6}}]},"11":{"line":115,"type":"cond-expr","locations":[{"start":{"line":115,"column":33},"end":{"line":115,"column":46}},{"start":{"line":115,"column":49},"end":{"line":115,"column":58}}]}},"code":["var Session = require('./session');","var UserAgent = require('./useragent');","var livedb = require('livedb');","","/** This encapsulates the sharejs server state & exposes a few useful methods."," *"," * @constructor"," */","var ShareInstance = function(options) {","  this.options = options;","","  this.preValidate = options.preValidate;","  this.validate = options.validate;","","  if (options.backend) {","    this.backend = options.backend;","  } else if (options.db) {","    this.backend = livedb.client(options.db);","  } else {","    throw Error(\"Both options.backend and options.db are missing. Can't function without a database!\");","  }","","  // Map from event name (or '') to a list of middleware.","  this.extensions = {'':[]};","  this.docFilters = [];","  this.opFilters = [];","};","","/** A client has connected through the specified stream. Listen for messages."," * Returns the useragent associated with the connected session."," *"," * The optional second argument (req) is an initial request which is passed"," * through to any connect() middleware. This is useful for inspecting cookies"," * or an express session or whatever on the request object in your middleware."," *"," * (The useragent is available through all middleware)"," */","ShareInstance.prototype.listen = function(stream, req) {","  var session = this.createSession(stream);","  session.agent.trigger('connect', null, null, {stream: stream, req: req}, function(err) {","    if (err) return session.close(err);","    session.pump();","  });","  return session.agent;","};","","// Create and return REST middleware to access the documents","ShareInstance.prototype.rest = function() {","  var rest = require('./rest');","  return rest(this);","};","","","/** Add middleware to an action. The action is optional (if not specified, the"," * middleware fires on every action)."," */","ShareInstance.prototype.use = function(action, middleware) {","  if (typeof action !== 'string') {","    middleware = action;","    action = '';","  }","","  if (action === 'getOps') {","    throw new Error(\"The 'getOps' middleware action has been renamed to 'get ops'. Update your code.\");","  }","","  var extensions = this.extensions[action];","  if (!extensions) extensions = this.extensions[action] = [];","","  extensions.push(middleware);","};","","","/** Add a function to filter all data going to the current client */","ShareInstance.prototype.filter = function(fn) {","  this.docFilters.push(fn);","};","","ShareInstance.prototype.filterOps = function(fn) {","  this.opFilters.push(fn);","};","","ShareInstance.prototype.createAgent = function(stream) {","  return new UserAgent(this, stream);","};","","ShareInstance.prototype.createSession = function(stream) {","  return new Session(this, stream);","};","","// Return truthy if the instance has registered middleware. Used for bulkSubscribe.","ShareInstance.prototype._hasMiddleware = function(action) {","  return this.extensions[action];","};","","","/**"," * Passes request through the extensions stack"," *"," * Extensions may modify the request object. After all middlewares have been"," * invoked we call `callback` with `null` and the modified request."," * If one of the extensions resturns an error the callback is called with that"," * error."," */","ShareInstance.prototype._trigger = function(request, callback) {","  // Copying the triggers we'll fire so they don't get edited while we iterate.","  var middlewares = (this.extensions[request.action] || []).concat(this.extensions['']);","","  var next = function() {","    if (!middlewares.length)","      return callback ? callback(null, request) : undefined;","","    var middleware = middlewares.shift();","    middleware(request, function(err) {","      if (err) return callback ? callback(err) : undefined;","","      next();","    });","  };","","  next();","};","","exports.createClient = function(options) {","  return new ShareInstance(options);","};","",""],"l":{"1":1,"2":1,"3":1,"9":1,"10":0,"12":0,"13":0,"15":0,"16":0,"17":0,"18":0,"20":0,"24":0,"25":0,"26":0,"38":1,"39":0,"40":0,"41":0,"42":0,"44":0,"48":1,"49":0,"50":0,"57":1,"58":0,"59":0,"60":0,"63":0,"64":0,"67":0,"68":0,"70":0,"75":1,"76":0,"79":1,"80":0,"83":1,"84":0,"87":1,"88":0,"92":1,"93":0,"105":1,"107":0,"109":0,"110":0,"111":0,"113":0,"114":0,"115":0,"117":0,"121":0,"124":1,"125":0}},"/home/travis/build/npmtest/node-npmtest-share/node_modules/share/lib/server/session.js":{"path":"/home/travis/build/npmtest/node-npmtest-share/node_modules/share/lib/server/session.js","s":{"1":1,"2":1,"3":1,"4":1,"5":0,"6":0,"7":0,"8":0,"9":0,"10":0,"11":0,"12":0,"13":0,"14":1,"15":0,"16":0,"17":0,"18":0,"19":0,"20":0,"21":0,"22":0,"23":0,"24":0,"25":0,"26":0,"27":0,"28":0,"29":1,"30":0,"31":0,"32":0,"33":0,"34":0,"35":0,"36":1,"37":0,"38":0,"39":0,"40":0,"41":0,"42":0,"43":0,"44":0,"45":0,"46":0,"47":0,"48":0,"49":1,"50":0,"51":1,"52":0,"53":0,"54":0,"55":0,"56":0,"57":1,"58":0,"59":0,"60":0,"61":0,"62":1,"63":0,"64":0,"65":0,"66":0,"67":0,"68":0,"69":0,"70":0,"71":0,"72":0,"73":0,"74":0,"75":0,"76":0,"77":0,"78":1,"79":0,"80":0,"81":0,"82":0,"83":0,"84":0,"85":0,"86":0,"87":0,"88":0,"89":0,"90":0,"91":0,"92":0,"93":0,"94":0,"95":0,"96":0,"97":0,"98":0,"99":0,"100":0,"101":0,"102":0,"103":0,"104":0,"105":0,"106":0,"107":0,"108":0,"109":0,"110":1,"111":0,"112":0,"113":0,"114":0,"115":1,"116":0,"117":0,"118":0,"119":1,"120":0,"121":0,"122":0,"123":0,"124":0,"125":0,"126":0,"127":0,"128":1,"129":0,"130":0,"131":0,"132":0,"133":0,"134":0,"135":0,"136":0,"137":0,"138":0,"139":0,"140":1,"141":0,"142":0,"143":0,"144":0,"145":0,"146":0,"147":0,"148":0,"149":0,"150":0,"151":0,"152":0,"153":0,"154":0,"155":0,"156":0,"157":1,"158":0,"159":0,"160":0,"161":0,"162":0,"163":0,"164":0,"165":0,"166":0,"167":0,"168":0,"169":0,"170":0,"171":0,"172":0,"173":1,"174":0,"175":0,"176":0,"177":0,"178":0,"179":0,"180":0,"181":0,"182":0,"183":0,"184":0,"185":0,"186":0,"187":0,"188":0,"189":0,"190":0,"191":0,"192":0,"193":0,"194":0,"195":1,"196":0,"197":0,"198":0,"199":0,"200":0,"201":0,"202":0,"203":0,"204":0,"205":0,"206":0,"207":0,"208":0,"209":0,"210":0,"211":0,"212":0,"213":0,"214":0,"215":0,"216":0,"217":0,"218":0,"219":0,"220":0,"221":0,"222":0,"223":0,"224":0,"225":0,"226":0,"227":0,"228":0,"229":0,"230":0,"231":0,"232":0,"233":0,"234":0,"235":0,"236":0,"237":0,"238":0,"239":0,"240":0,"241":0,"242":0,"243":0,"244":0,"245":0,"246":0,"247":0,"248":0,"249":0,"250":0,"251":0,"252":0,"253":0,"254":0,"255":0,"256":0,"257":0,"258":0,"259":0,"260":0,"261":0,"262":0,"263":0,"264":0,"265":0,"266":0,"267":0,"268":0,"269":0,"270":0,"271":0,"272":0,"273":0,"274":0,"275":0,"276":0,"277":0,"278":0,"279":0,"280":0,"281":0,"282":0,"283":0,"284":0,"285":0,"286":0,"287":0,"288":0,"289":0,"290":0,"291":0,"292":0,"293":0,"294":0,"295":0,"296":0,"297":0,"298":0,"299":0,"300":0,"301":0,"302":0,"303":0,"304":0,"305":0,"306":0,"307":0,"308":0,"309":0,"310":0,"311":0,"312":0,"313":0,"314":1,"315":0,"316":0,"317":0,"318":0,"319":0,"320":0,"321":0,"322":0,"323":1,"324":0,"325":0,"326":0,"327":1,"328":0,"329":0},"b":{"1":[0,0],"2":[0,0],"3":[0,0],"4":[0,0],"5":[0,0],"6":[0,0],"7":[0,0],"8":[0,0],"9":[0,0],"10":[0,0],"11":[0,0],"12":[0,0],"13":[0,0],"14":[0,0],"15":[0,0],"16":[0,0],"17":[0,0],"18":[0,0],"19":[0,0],"20":[0,0],"21":[0,0],"22":[0,0],"23":[0,0],"24":[0,0],"25":[0,0],"26":[0,0],"27":[0,0],"28":[0,0],"29":[0,0],"30":[0,0],"31":[0,0],"32":[0,0],"33":[0,0],"34":[0,0],"35":[0,0],"36":[0,0,0],"37":[0,0],"38":[0,0],"39":[0,0,0,0],"40":[0,0],"41":[0,0],"42":[0,0],"43":[0,0],"44":[0,0],"45":[0,0],"46":[0,0,0],"47":[0,0],"48":[0,0],"49":[0,0],"50":[0,0],"51":[0,0,0],"52":[0,0],"53":[0,0],"54":[0,0],"55":[0,0],"56":[0,0],"57":[0,0,0],"58":[0,0],"59":[0,0],"60":[0,0,0],"61":[0,0],"62":[0,0,0,0,0,0,0,0,0],"63":[0,0],"64":[0,0],"65":[0,0],"66":[0,0],"67":[0,0],"68":[0,0],"69":[0,0],"70":[0,0],"71":[0,0],"72":[0,0],"73":[0,0],"74":[0,0],"75":[0,0],"76":[0,0],"77":[0,0],"78":[0,0],"79":[0,0],"80":[0,0],"81":[0,0],"82":[0,0],"83":[0,0],"84":[0,0]},"f":{"1":0,"2":0,"3":0,"4":0,"5":0,"6":0,"7":0,"8":0,"9":0,"10":0,"11":0,"12":0,"13":0,"14":0,"15":0,"16":0,"17":0,"18":0,"19":0,"20":0,"21":0,"22":0,"23":0,"24":0,"25":0,"26":0,"27":0,"28":0,"29":0,"30":0,"31":0,"32":0,"33":0,"34":0,"35":0,"36":0,"37":0,"38":0,"39":0,"40":0,"41":0},"fnMap":{"1":{"name":"Session","line":43,"loc":{"start":{"line":43,"column":0},"end":{"line":43,"column":35}}},"2":{"name":"(anonymous_2)","line":75,"loc":{"start":{"line":75,"column":29},"end":{"line":75,"column":40}}},"3":{"name":"(anonymous_3)","line":103,"loc":{"start":{"line":103,"column":26},"end":{"line":103,"column":40}}},"4":{"name":"(anonymous_4)","line":116,"loc":{"start":{"line":116,"column":35},"end":{"line":116,"column":72}}},"5":{"name":"(anonymous_5)","line":148,"loc":{"start":{"line":148,"column":34},"end":{"line":148,"column":55}}},"6":{"name":"(anonymous_6)","line":156,"loc":{"start":{"line":156,"column":39},"end":{"line":156,"column":79}}},"7":{"name":"onData","line":164,"loc":{"start":{"line":164,"column":2},"end":{"line":164,"column":24}}},"8":{"name":"(anonymous_8)","line":167,"loc":{"start":{"line":167,"column":23},"end":{"line":167,"column":34}}},"9":{"name":"(anonymous_9)","line":178,"loc":{"start":{"line":178,"column":31},"end":{"line":178,"column":74}}},"10":{"name":"(anonymous_10)","line":186,"loc":{"start":{"line":186,"column":49},"end":{"line":186,"column":73}}},"11":{"name":"(anonymous_11)","line":196,"loc":{"start":{"line":196,"column":54},"end":{"line":196,"column":84}}},"12":{"name":"(anonymous_12)","line":209,"loc":{"start":{"line":209,"column":34},"end":{"line":209,"column":62}}},"13":{"name":"(anonymous_13)","line":242,"loc":{"start":{"line":242,"column":29},"end":{"line":242,"column":54}}},"14":{"name":"(anonymous_14)","line":260,"loc":{"start":{"line":260,"column":33},"end":{"line":260,"column":56}}},"15":{"name":"(anonymous_15)","line":281,"loc":{"start":{"line":281,"column":32},"end":{"line":281,"column":50}}},"16":{"name":"(anonymous_16)","line":292,"loc":{"start":{"line":292,"column":26},"end":{"line":292,"column":40}}},"17":{"name":"(anonymous_17)","line":299,"loc":{"start":{"line":299,"column":28},"end":{"line":299,"column":64}}},"18":{"name":"(anonymous_18)","line":323,"loc":{"start":{"line":323,"column":27},"end":{"line":323,"column":51}}},"19":{"name":"(anonymous_19)","line":339,"loc":{"start":{"line":339,"column":25},"end":{"line":339,"column":36}}},"20":{"name":"(anonymous_20)","line":354,"loc":{"start":{"line":354,"column":29},"end":{"line":354,"column":48}}},"21":{"name":"(anonymous_21)","line":359,"loc":{"start":{"line":359,"column":23},"end":{"line":359,"column":34}}},"22":{"name":"(anonymous_22)","line":370,"loc":{"start":{"line":370,"column":34},"end":{"line":370,"column":48}}},"23":{"name":"(anonymous_23)","line":396,"loc":{"start":{"line":396,"column":41},"end":{"line":396,"column":78}}},"24":{"name":"(anonymous_24)","line":402,"loc":{"start":{"line":402,"column":18},"end":{"line":402,"column":30}}},"25":{"name":"(anonymous_25)","line":423,"loc":{"start":{"line":423,"column":62},"end":{"line":423,"column":85}}},"26":{"name":"(anonymous_26)","line":440,"loc":{"start":{"line":440,"column":35},"end":{"line":440,"column":59}}},"27":{"name":"(anonymous_27)","line":492,"loc":{"start":{"line":492,"column":55},"end":{"line":492,"column":78}}},"28":{"name":"(anonymous_28)","line":503,"loc":{"start":{"line":503,"column":41},"end":{"line":503,"column":61}}},"29":{"name":"(anonymous_29)","line":518,"loc":{"start":{"line":518,"column":50},"end":{"line":518,"column":70}}},"30":{"name":"(anonymous_30)","line":527,"loc":{"start":{"line":527,"column":32},"end":{"line":527,"column":56}}},"31":{"name":"(anonymous_31)","line":559,"loc":{"start":{"line":559,"column":57},"end":{"line":559,"column":79}}},"32":{"name":"(anonymous_32)","line":599,"loc":{"start":{"line":599,"column":44},"end":{"line":599,"column":74}}},"33":{"name":"(anonymous_33)","line":614,"loc":{"start":{"line":614,"column":39},"end":{"line":614,"column":78}}},"34":{"name":"(anonymous_34)","line":627,"loc":{"start":{"line":627,"column":26},"end":{"line":627,"column":42}}},"35":{"name":"(anonymous_35)","line":635,"loc":{"start":{"line":635,"column":25},"end":{"line":635,"column":40}}},"36":{"name":"(anonymous_36)","line":648,"loc":{"start":{"line":648,"column":26},"end":{"line":648,"column":40}}},"37":{"name":"(anonymous_37)","line":656,"loc":{"start":{"line":656,"column":23},"end":{"line":656,"column":38}}},"38":{"name":"(anonymous_38)","line":662,"loc":{"start":{"line":662,"column":52},"end":{"line":662,"column":76}}},"39":{"name":"(anonymous_39)","line":690,"loc":{"start":{"line":690,"column":35},"end":{"line":690,"column":46}}},"40":{"name":"hasKeys","line":706,"loc":{"start":{"line":706,"column":0},"end":{"line":706,"column":25}}},"41":{"name":"destroyStream","line":712,"loc":{"start":{"line":712,"column":0},"end":{"line":712,"column":33}}}},"statementMap":{"1":{"start":{"line":23,"column":0},"end":{"line":23,"column":25}},"2":{"start":{"line":24,"column":0},"end":{"line":24,"column":31}},"3":{"start":{"line":32,"column":0},"end":{"line":32,"column":25}},"4":{"start":{"line":43,"column":0},"end":{"line":73,"column":1}},"5":{"start":{"line":45,"column":2},"end":{"line":45,"column":23}},"6":{"start":{"line":50,"column":2},"end":{"line":50,"column":44}},"7":{"start":{"line":51,"column":2},"end":{"line":51,"column":28}},"8":{"start":{"line":55,"column":2},"end":{"line":55,"column":24}},"9":{"start":{"line":58,"column":2},"end":{"line":58,"column":20}},"10":{"start":{"line":62,"column":2},"end":{"line":62,"column":28}},"11":{"start":{"line":67,"column":2},"end":{"line":67,"column":22}},"12":{"start":{"line":69,"column":2},"end":{"line":69,"column":47}},"13":{"start":{"line":72,"column":2},"end":{"line":72,"column":62}},"14":{"start":{"line":75,"column":0},"end":{"line":100,"column":2}},"15":{"start":{"line":76,"column":2},"end":{"line":76,"column":25}},"16":{"start":{"line":76,"column":19},"end":{"line":76,"column":25}},"17":{"start":{"line":77,"column":2},"end":{"line":77,"column":21}},"18":{"start":{"line":80,"column":2},"end":{"line":80,"column":45}},"19":{"start":{"line":83,"column":2},"end":{"line":93,"column":3}},"20":{"start":{"line":84,"column":4},"end":{"line":92,"column":5}},"21":{"start":{"line":85,"column":6},"end":{"line":85,"column":47}},"22":{"start":{"line":88,"column":6},"end":{"line":90,"column":7}},"23":{"start":{"line":89,"column":8},"end":{"line":89,"column":29}},"24":{"start":{"line":91,"column":6},"end":{"line":91,"column":43}},"25":{"start":{"line":95,"column":2},"end":{"line":99,"column":3}},"26":{"start":{"line":96,"column":4},"end":{"line":96,"column":35}},"27":{"start":{"line":97,"column":4},"end":{"line":97,"column":22}},"28":{"start":{"line":98,"column":4},"end":{"line":98,"column":28}},"29":{"start":{"line":103,"column":0},"end":{"line":111,"column":2}},"30":{"start":{"line":104,"column":2},"end":{"line":107,"column":3}},"31":{"start":{"line":105,"column":4},"end":{"line":105,"column":53}},"32":{"start":{"line":106,"column":4},"end":{"line":106,"column":35}},"33":{"start":{"line":108,"column":2},"end":{"line":108,"column":26}},"34":{"start":{"line":108,"column":19},"end":{"line":108,"column":26}},"35":{"start":{"line":110,"column":2},"end":{"line":110,"column":20}},"36":{"start":{"line":116,"column":0},"end":{"line":145,"column":2}},"37":{"start":{"line":117,"column":2},"end":{"line":117,"column":81}},"38":{"start":{"line":119,"column":2},"end":{"line":119,"column":31}},"39":{"start":{"line":120,"column":2},"end":{"line":141,"column":3}},"40":{"start":{"line":121,"column":4},"end":{"line":128,"column":5}},"41":{"start":{"line":126,"column":6},"end":{"line":126,"column":27}},"42":{"start":{"line":127,"column":6},"end":{"line":127,"column":22}},"43":{"start":{"line":129,"column":9},"end":{"line":141,"column":3}},"44":{"start":{"line":132,"column":4},"end":{"line":135,"column":5}},"45":{"start":{"line":134,"column":6},"end":{"line":134,"column":22}},"46":{"start":{"line":138,"column":4},"end":{"line":140,"column":5}},"47":{"start":{"line":139,"column":6},"end":{"line":139,"column":30}},"48":{"start":{"line":143,"column":2},"end":{"line":143,"column":24}},"49":{"start":{"line":148,"column":0},"end":{"line":150,"column":2}},"50":{"start":{"line":149,"column":2},"end":{"line":149,"column":61}},"51":{"start":{"line":156,"column":0},"end":{"line":174,"column":2}},"52":{"start":{"line":157,"column":2},"end":{"line":157,"column":68}},"53":{"start":{"line":159,"column":2},"end":{"line":159,"column":23}},"54":{"start":{"line":159,"column":16},"end":{"line":159,"column":23}},"55":{"start":{"line":161,"column":2},"end":{"line":161,"column":18}},"56":{"start":{"line":163,"column":2},"end":{"line":163,"column":30}},"57":{"start":{"line":164,"column":2},"end":{"line":166,"column":3}},"58":{"start":{"line":165,"column":4},"end":{"line":165,"column":44}},"59":{"start":{"line":167,"column":2},"end":{"line":173,"column":5}},"60":{"start":{"line":171,"column":4},"end":{"line":171,"column":52}},"61":{"start":{"line":172,"column":4},"end":{"line":172,"column":44}},"62":{"start":{"line":178,"column":0},"end":{"line":205,"column":2}},"63":{"start":{"line":179,"column":2},"end":{"line":179,"column":18}},"64":{"start":{"line":180,"column":2},"end":{"line":180,"column":49}},"65":{"start":{"line":182,"column":2},"end":{"line":204,"column":3}},"66":{"start":{"line":186,"column":4},"end":{"line":193,"column":7}},"67":{"start":{"line":187,"column":6},"end":{"line":190,"column":7}},"68":{"start":{"line":188,"column":8},"end":{"line":188,"column":56}},"69":{"start":{"line":189,"column":8},"end":{"line":189,"column":29}},"70":{"start":{"line":191,"column":6},"end":{"line":191,"column":61}},"71":{"start":{"line":192,"column":6},"end":{"line":192,"column":17}},"72":{"start":{"line":196,"column":4},"end":{"line":203,"column":7}},"73":{"start":{"line":197,"column":6},"end":{"line":200,"column":7}},"74":{"start":{"line":198,"column":8},"end":{"line":198,"column":56}},"75":{"start":{"line":199,"column":8},"end":{"line":199,"column":29}},"76":{"start":{"line":201,"column":6},"end":{"line":201,"column":61}},"77":{"start":{"line":202,"column":6},"end":{"line":202,"column":27}},"78":{"start":{"line":209,"column":0},"end":{"line":279,"column":2}},"79":{"start":{"line":216,"column":2},"end":{"line":216,"column":21}},"80":{"start":{"line":219,"column":2},"end":{"line":219,"column":20}},"81":{"start":{"line":221,"column":2},"end":{"line":235,"column":3}},"82":{"start":{"line":222,"column":4},"end":{"line":222,"column":30}},"83":{"start":{"line":224,"column":4},"end":{"line":224,"column":25}},"84":{"start":{"line":225,"column":4},"end":{"line":234,"column":5}},"85":{"start":{"line":227,"column":6},"end":{"line":227,"column":48}},"86":{"start":{"line":230,"column":6},"end":{"line":233,"column":7}},"87":{"start":{"line":231,"column":8},"end":{"line":231,"column":50}},"88":{"start":{"line":232,"column":8},"end":{"line":232,"column":39}},"89":{"start":{"line":237,"column":2},"end":{"line":237,"column":18}},"90":{"start":{"line":238,"column":2},"end":{"line":238,"column":25}},"91":{"start":{"line":242,"column":2},"end":{"line":278,"column":5}},"92":{"start":{"line":243,"column":4},"end":{"line":248,"column":5}},"93":{"start":{"line":246,"column":6},"end":{"line":246,"column":32}},"94":{"start":{"line":247,"column":6},"end":{"line":247,"column":27}},"95":{"start":{"line":250,"column":4},"end":{"line":258,"column":5}},"96":{"start":{"line":251,"column":6},"end":{"line":257,"column":7}},"97":{"start":{"line":252,"column":8},"end":{"line":252,"column":49}},"98":{"start":{"line":254,"column":8},"end":{"line":254,"column":45}},"99":{"start":{"line":256,"column":8},"end":{"line":256,"column":44}},"100":{"start":{"line":260,"column":4},"end":{"line":277,"column":7}},"101":{"start":{"line":261,"column":6},"end":{"line":264,"column":7}},"102":{"start":{"line":262,"column":8},"end":{"line":262,"column":34}},"103":{"start":{"line":263,"column":8},"end":{"line":263,"column":29}},"104":{"start":{"line":266,"column":6},"end":{"line":274,"column":7}},"105":{"start":{"line":267,"column":8},"end":{"line":273,"column":9}},"106":{"start":{"line":269,"column":10},"end":{"line":269,"column":70}},"107":{"start":{"line":271,"column":10},"end":{"line":271,"column":44}},"108":{"start":{"line":272,"column":10},"end":{"line":272,"column":75}},"109":{"start":{"line":276,"column":6},"end":{"line":276,"column":31}},"110":{"start":{"line":281,"column":0},"end":{"line":289,"column":2}},"111":{"start":{"line":283,"column":2},"end":{"line":288,"column":3}},"112":{"start":{"line":284,"column":4},"end":{"line":284,"co
[...]
14},"end":{"line":517,"column":14}},{"start":{"line":517,"column":14},"end":{"line":517,"column":14}}]},"58":{"line":517,"type":"binary-expr","locations":[{"start":{"line":517,"column":18},"end":{"line":517,"column":36}},{"start":{"line":517,"column":40},"end":{"line":517,"column":58}}]},"59":{"line":519,"type":"if","locations":[{"start":{"line":519,"column":21},"end":{"line":519,"column":21}},{"start":{"line":519,"column":21},"end":{"line":519,"column":21}}]},"60":{"line":519,"type":"binary-expr","locations":[{"start":{"line":519,"column":25},"end":{"line":519,"column":43}},{"start":{"line":519,"column":47},"end":{"line":519,"column":65}}]},"61":{"line":521,"type":"if","locations":[{"start":{"line":521,"column":21},"end":{"line":521,"column":21}},{"start":{"line":521,"column":21},"end":{"line":521,"column":21}}]},"62":{"line":526,"type":"if","locations":[{"start":{"line":526,"column":14},"end":{"line":526,"column":14}},{"start":{"line":526,"column":14},"end":{"line":526,"column":14}}]},"63":{"line":526,"type":"binary-expr","locations":[{"start":{"line":526,"column":18},"end":{"line":526,"column":36}},{"start":{"line":526,"column":40},"end":{"line":526,"column":58}}]},"64":{"line":528,"type":"if","locations":[{"start":{"line":528,"column":21},"end":{"line":528,"column":21}},{"start":{"line":528,"column":21},"end":{"line":528,"column":21}}]},"65":{"line":528,"type":"binary-expr","locations":[{"start":{"line":528,"column":25},"end":{"line":528,"column":43}},{"start":{"line":528,"column":47},"end":{"line":528,"column":65}}]},"66":{"line":533,"type":"if","locations":[{"start":{"line":533,"column":14},"end":{"line":533,"column":14}},{"start":{"line":533,"column":14},"end":{"line":533,"column":14}}]},"67":{"line":538,"type":"if","locations":[{"start":{"line":538,"column":14},"end":{"line":538,"column":14}},{"start":{"line":538,"column":14},"end":{"line":538,"column":14}}]},"68":{"line":544,"type":"if","locations":[{"start":{"line":544,"column":8},"end":{"line":544,"column":8}},{"start":{"line":544,"column":8},"end":{"line":544,"column":8}}]},"69":{"line":544,"type":"binary-expr","locations":[{"start":{"line":544,"column":12},"end":{"line":544,"column":50}},{"start":{"line":544,"column":54},"end":{"line":544,"column":83}}]}},"code":["// JSON document API for the 'json0' type.","","var type = require('ot-json0').type;","","// Helpers","","function depath(path) {","  if (path.length === 1 && path[0].constructor === Array) {","    return path[0];","  } else {","    return path;","  }","}","","function traverse(snapshot, path) {","  var key = 'data';","  var elem = { data: snapshot };","","  for (var i = 0; i < path.length; i++) {","    elem = elem[key];","    key = path[i];","    if (typeof elem === 'undefined') {","      throw new Error('bad path');","    }","  }","","  return {","    elem: elem,","    key: key","  };","}","","function pathEquals(p1, p2) {","  if (p1.length !== p2.length) {","    return false;","  }","  for (var i = 0; i < p1.length; ++i) {","    if (p1[i] !== p2[i]) {","      return false;","    }","  }","  return true;","}","","function containsPath(p1, p2) {","  if (p1.length < p2.length) return false;","  return pathEquals( p1.slice(0,p2.length), p2);","}","","// does nothing, used as a default callback","function nullFunction() {}","","// given a path represented as an array or a number, normalize to an array","// whole numbers are converted to integers.","function normalizePath(path) {","  if (path instanceof Array) {","    return path;","  }","  if (typeof(path) == \"number\") {","    return [path];","  }","  // if (typeof(path) == \"string\") {","  //   path = path.split(\".\");","  //   var out = [];","  //   for (var i=0; i<path.length; i++) {","  //     var part = path[i];","  //     if (String(parseInt(part, 10)) == part) {","  //       out.push(parseInt(part, 10));","  //     } else {","  //       out.push(part);","  //     }","  //   }","  //   return out;","  // }","}","","// helper for creating functions with the method signature func([path],arg1,arg2,...,[cb])","// populates an array of arguments with a default path and callback","function normalizeArgs(obj, args, func, requiredArgsCount){","  args = Array.prototype.slice.call(args);","  var path_prefix = obj.path || [];","","  if (func.length > 1 && typeof args[args.length-1] !== 'function') {","    args.push(nullFunction);","  }","","  if (args.length < (requiredArgsCount || func.length)) {","    args.unshift(path_prefix);","  } else {","    args[0] = path_prefix.concat(normalizePath(args[0]));","  }","","  return func.apply(obj,args);","}","","","// SubDoc","// this object is returned from context.createContextAt()","","var SubDoc = function(context, path) {","  this.context = context;","  this.path = path || [];","};","","SubDoc.prototype._updatePath = function(op){","  for (var i = 0; i < op.length; i++) {","    var c = op[i];","    if(c.lm !== undefined && containsPath(this.path,c.p)){","      var new_path_prefix = c.p.slice(0,c.p.length-1);","      new_path_prefix.push(c.lm);","      this.path = new_path_prefix.concat(this.path.slice(new_path_prefix.length));","    }","  }","};","","SubDoc.prototype.createContextAt = function() {","  var path = 1 <= arguments.length ? Array.prototype.slice.call(arguments, 0) : [];","  return this.context.createContextAt(this.path.concat(depath(path)));","};","","SubDoc.prototype.get = function(path) {","  return normalizeArgs(this, arguments, function(path){","    return this.context.get(path);","  });","};","","SubDoc.prototype.set = function(path, value, cb) {","  return normalizeArgs(this, arguments, function(path, value, cb){","    return this.context.set(path, value, cb);","  });","};","","SubDoc.prototype.insert = function(path, value, cb) {","  return normalizeArgs(this, arguments, function(path, value, cb){","    return this.context.insert(path, value, cb);","  });","};","","SubDoc.prototype.remove = function(path, len, cb) {","  return normalizeArgs(this, arguments, function(path, len, cb) {","    return this.context.remove(path, len, cb);","  }, 2);","};","","SubDoc.prototype.push = function(path, value, cb) {","  return normalizeArgs(this, arguments, function(path, value, cb) {","      var _ref = traverse(this.context.getSnapshot(), path);","      var len = _ref.elem[_ref.key].length;","      path.push(len);","    return this.context.insert(path, value, cb);","  });","};","","SubDoc.prototype.move = function(path, from, to, cb) {","  return normalizeArgs(this, arguments, function(path, from, to, cb) {","    return this.context.move(path, from, to, cb);","  });","};","","SubDoc.prototype.add = function(path, amount, cb) {","  return normalizeArgs(this, arguments, function(path, amount, cb) {","    return this.context.add(path, amount, cb);","  });","};","","SubDoc.prototype.on = function(event, cb) {","  return this.context.addListener(this.path, event, cb);","};","","SubDoc.prototype.removeListener = function(l) {","  return this.context.removeListener(l);","};","","SubDoc.prototype.getLength = function(path) {","  return normalizeArgs(this, arguments, function(path) {","    return this.context.getLength(path);","  });","};","","// DEPRECATED","SubDoc.prototype.getText = function(path) {","  return normalizeArgs(this, arguments, function(path) {","    return this.context.getText(path);","  });","};","","// DEPRECATED","SubDoc.prototype.deleteText = function(path, pos, length, cb) {","  return normalizeArgs(this, arguments, function(path, pos, length, cb) {","    return this.context.deleteText(path, length, pos, cb);","  });","};","","SubDoc.prototype.destroy = function() {","  this.context._removeSubDoc(this);","};","","","// JSON API methods","// these methods are mixed in to the context return from doc.createContext()","","type.api = {","","  provides: {","    json: true","  },","","  _fixComponentPaths: function(c) {","    if (!this._listeners) {","      return;","    }","    if (c.na !== undefined || c.si !== undefined || c.sd !== undefined) {","      return;","    }","","    var to_remove = [];","    var _ref = this._listeners;","","    for (var i = 0; i < _ref.length; i++) {","      var l = _ref[i];","      var dummy = {","        p: l.path,","        na: 0","      };","      var xformed = type.transformComponent([], dummy, c, 'left');","      if (xformed.length === 0) {","        to_remove.push(i);","      } else if (xformed.length === 1) {","        l.path = xformed[0].p;","      } else {","        throw new Error(\"Bad assumption in json-api: xforming an 'na' op will always result in 0 or 1 components.\");","      }","    }","","    to_remove.sort(function(a, b) {","      return b - a;","    });","","    var _results = [];","    for (var j = 0; j < to_remove.length; j++) {","      i = to_remove[j];","      _results.push(this._listeners.splice(i, 1));","    }","","    return _results;","  },","","  _fixPaths: function(op) {","    var _results = [];","    for (var i = 0; i < op.length; i++) {","      var c = op[i];","      _results.push(this._fixComponentPaths(c));","    }","    return _results;","  },","","  _submit: function(op, callback) {","    this._fixPaths(op);","    return this.submitOp(op, callback);","  },","","  _addSubDoc: function(subdoc){","    this._subdocs || (this._subdocs = []);","    this._subdocs.push(subdoc);","  },","","  _removeSubDoc: function(subdoc){","    this._subdocs || (this._subdocs = []);","    for(var i = 0; i < this._subdocs.length; i++){","      if(this._subdocs[i] === subdoc) this._subdocs.splice(i,1);","      return;","    }","  },","","  _updateSubdocPaths: function(op){","    this._subdocs || (this._subdocs = []);","    for(var i = 0; i < this._subdocs.length; i++){","      this._subdocs[i]._updatePath(op);","    }","  },","","  createContextAt: function() {","    var path = 1 <= arguments.length ? Array.prototype.slice.call(arguments, 0) : [];","    var subdoc =  new SubDoc(this, depath(path));","    this._addSubDoc(subdoc);","    return subdoc;","  },","","  get: function(path) {","    if (!path) return this.getSnapshot();","    return normalizeArgs(this,arguments,function(path){","      var _ref = traverse(this.getSnapshot(), path);","      return _ref.elem[_ref.key];","    });","  },","","  set: function(path, value, cb) {","    return normalizeArgs(this, arguments, function(path, value, cb) {","      var _ref = traverse(this.getSnapshot(), path);","      var elem = _ref.elem;","      var key = _ref.key;","      var op = {","        p: path","      };","","      if (elem.constructor === Array) {","        op.li = value;","        if (typeof elem[key] !== 'undefined') {","          op.ld = elem[key];","        }","      } else if (typeof elem === 'object') {","        op.oi = value;","        if (typeof elem[key] !== 'undefined') {","          op.od = elem[key];","        }","      } else {","        throw new Error('bad path');","      }","","      return this._submit([op], cb);","    });","  },","","  remove: function(path, len, cb) {","    return normalizeArgs(this, arguments, function(path, len, cb) {","      if (!cb && len instanceof Function) {","        cb = len;","        len = null;","      }","      // if there is no len argument, then we are removing a single item from either a list or a hash","      var _ref, elem, op, key;","      if (len === null || len === undefined) {","        _ref = traverse(this.getSnapshot(), path);","        elem = _ref.elem;","        key = _ref.key;","        op = {","          p: path","        };","","        if (typeof elem[key] === 'undefined') {","          throw new Error('no element at that path');","        }","","        if (elem.constructor === Array) {","          op.ld = elem[key];","        } else if (typeof elem === 'object') {","          op.od = elem[key];","        } else {","          throw new Error('bad path');","        }","        return this._submit([op], cb);","      } else {","        var pos;","        pos = path.pop();","        _ref = traverse(this.getSnapshot(), path);","        elem = _ref.elem;","        key = _ref.key;","        if (typeof elem[key] === 'string') {","          op = {","            p: path.concat(pos),","            sd: _ref.elem[_ref.key].slice(pos, pos + len)","          };","          return this._submit([op], cb);","        } else if (elem[key].constructor === Array) {","          var ops = [];","          for (var i=pos; i<pos+len; i++) {","            ops.push({","              p: path.concat(pos),","              ld: elem[key][i]","            });","          }","          return this._submit(ops, cb);","        } else {","          throw new Error('element at path does not support range');","        }","      }","    }, 2);","  },","","  insert: function(path, value, cb) {","    return normalizeArgs(this, arguments, function(path, value, cb) {","      var pos = path.pop();","      var _ref = traverse(this.getSnapshot(), path);","      var elem = _ref.elem;","      var key = _ref.key;","      var op = {","        p: path.concat(pos)","      };","","      if (elem[key].constructor === Array) {","        op.li = value;","      } else if (typeof elem[key] === 'string') {","        op.si = value;","      }","      return this._submit([op], cb);","    });","  },","","  move: function(path, from, to, cb) {","    return normalizeArgs(this, arguments, function(path, from, to, cb) {","      var self = this;","      var op = [","        {","          p: path.concat(from),","          lm: to","        }","      ];","","      return this._submit(op, function(){","        self._updateSubdocPaths(op);","        if(cb) cb.apply(cb, arguments);","      });","    });","  },","","  push: function(path, value, cb) {","    return normalizeArgs(this, arguments, function(path, value, cb) {","      var _ref = traverse(this.getSnapshot(), path);","      var len = _ref.elem[_ref.key].length;","      path.push(len);","      return this.insert(path, value, cb);","    });","  },","","  add: function(path, amount, cb) {","    return normalizeArgs(this, arguments, function(path, value, cb) {","      var op = [","        {","          p: path,","          na: amount","        }","      ];","      return this._submit(op, cb);","    });","  },","","  getLength: function(path) {","      return normalizeArgs(this, arguments, function(path) {","        return this.get(path).length;","      });","  },","","  getText: function(path) {","    return normalizeArgs(this, arguments, function(path) {","      console.warn(\"Deprecated. Use `get()` instead\");","      return this.get(path);","    });","  },","","  deleteText: function(path, length, pos, cb) {","    return normalizeArgs(this, arguments, function(path, length, pos, cb) {","      console.warn(\"Deprecated. Use `remove(path, length, cb)` instead\");","      var _ref = traverse(this.getSnapshot(), path);","      var op = [","        {","          p: path.concat(pos),","          sd: _ref.elem[_ref.key].slice(pos, pos + length)","        }","      ];","","      return this._submit(op, cb);","    });","  },","","  addListener: function(path, event, cb) {","    return normalizeArgs(this, arguments, function(path, value, cb) {","      var listener = {","        path: path,","        event: event,","        cb: cb","      };","      this._listeners || (this._listeners = []);","      this._listeners.push(listener);","      return listener;","    });","  },","","  removeListener: function(listener) {","    if (!this._listeners) {","      return;","    }","    var i = this._listeners.indexOf(listener);","    if (i < 0) {","      return false;","    }","    this._listeners.splice(i, 1);","    return true;","  },","","  _onOp: function(op) {","    for (var i = 0; i < op.length; i++) {","      var c = op[i];","      this._fixComponentPaths(c);","","      if(c.lm !== undefined) {","        this._updateSubdocPaths([c]);","      }","","      var match_path = c.na === undefined ? c.p.slice(0, c.p.length - 1) : c.p;","","      for (var l = 0; l < this._listeners.length; l++) {","        var listener = this._listeners[l];","        var cb = listener.cb;","","        if (pathEquals(listener.path, match_path)) {","          switch (listener.event) {","            case 'insert':","              if (c.li !== undefined && c.ld === undefined) {","                cb(c.p[c.p.length - 1], c.li);","              } else if (c.oi !== undefined && c.od === undefined) {","                cb(c.p[c.p.length - 1], c.oi);","              } else if (c.si !== undefined) {","                cb(c.p[c.p.length - 1], c.si);","              }","              break;","            case 'delete':","              if (c.li === undefined && c.ld !== undefined) {","                cb(c.p[c.p.length - 1], c.ld);","              } else if (c.oi === undefined && c.od !== undefined) {","                cb(c.p[c.p.length - 1], c.od);","              } else if (c.sd !== undefined) {","                cb(c.p[c.p.length - 1], c.sd);","              }","              break;","            case 'replace':","              if (c.li !== undefined && c.ld !== undefined) {","                cb(c.p[c.p.length - 1], c.ld, c.li);","              } else if (c.oi !== undefined && c.od !== undefined) {","                cb(c.p[c.p.length - 1], c.od, c.oi);","              }","              break;","            case 'move':","              if (c.lm !== undefined) {","                cb(c.p[c.p.length - 1], c.lm);","              }","              break;","            case 'add':","              if (c.na !== undefined) {","                cb(c.na);","              }","          }","        }","","        if (type.canOpAffectPath(c, listener.path) && listener.event === 'child op') {","          var child_path = c.p.slice(listener.path.length);","          cb(child_path, c);","        }","      }","    }","  }","};",""],"l":{"3":1,"7":1,"8":0,"9":0,"11":0,"15":1,"16":0,"17":0,"19":0,"20":0,"21":0,"22":0,"23":0,"27":0,"33":1,"34":0,"35":0,"37":0,"38":0,"39":0,"42":0,"45":1,"46":0,"47":0,"51":1,"55":1,"56":0,"57":0,"59":0,"60":0,"79":1,"80":0,"81":0,"83":0,"84":0,"87":0,"88":0,"90":0,"93":0,"100":1,"101":0,"102":0,"105":1,"106":0,"107":0,"108":0,"109":0,"110":0,"111":0,"116":1,"117":0,"118":0,"121":1,"122":0,"123":0,"127":1,"128":0,"129":0,"133":1,"134":0,"135":0,"139":1,"140":0,"141":0,"145":1,"146":0,"147":0,"148":0,"149":0,"150":0,"154":1,"155":0,"156":0,"160":1,"161":0,"162":0,"166":1,"167":0,"170":1,"171":0,"174":1,"175":0,"176":0,"181":1,"182":0,"183":0,"188":1,"189":0,"190":0,"194":1,"195":0,"202":1,"209":0,"210":0,"212":0,"213":0,"216":0,"217":0,"219":0,"220":0,"221":0,"225":0,"226":0,"227":0,"228":0,"229":0,"231":0,"235":0,"236":0,"239":0,"240":0,"241":0,"242":0,"245":0,"249":0,"250":0,"251":0,"252":0,"254":0,"258":0,"259":0,"263":0,"264":0,"268":0,"269":0,"270":0,"271":0,"276":0,"277":0,"278":0,"283":0,"284":0,"285":0,"286":0,"290":0,"291":0,"292":0,"293":0,"298":0,"299":0,"300":0,"301":0,"302":0,"306":0,"307":0,"308":0,"309":0,"311":0,"312":0,"313":0,"314":0,"317":0,"320":0,"325":0,"326":0,"327":0,"328":0,"331":0,"332":0,"333":0,"334":0,"335":0,"336":0,"340":0,"341":0,"344":0,"345":0,"346":0,"347":0,"349":0,"351":0,"353":0,"354":0,"355":0,"356":0,"357":0,"358":0,"359":0,"363":0,"364":0,"365":0,"366":0,"367":0,"372":0,"374":0,"381":0,"382":0,"383":0,"384":0,"385":0,"386":0,"390":0,"391":0,"392":0,"393":0,"395":0,"400":0,"401":0,"402":0,"409":0,"410":0,"411":0,"417":0,"418":0,"419":0,"420":0,"421":0,"426":0,"427":0,"433":0,"438":0,"439":0,"444":0,"445":0,"446":0,"451":0,"452":0,"453":0,"454":0,"461":0,"466":0,"467":0,"472":0,"473":0,"474":0,"479":0,"480":0,"482":0,"483":0,"484":0,"486":0,"487":0,"491":0,"492":0,"493":0,"495":0,"496":0,"499":0,"501":0,"502":0,"503":0,"505":0,"506":0,"508":0,"509":0,"510":0,"511":0,"512":0,"513":0,"515":0,"517":0,"518":0,"519":0,"520":0,"521":0,"522":0,"524":0,"526":0,"527":0,"528":0,"529":0,"531":0,"533":0,"534":0,"536":0,"538":0,"539":0,"544":0,"545":0,"546":0}}}